2024-12-08 20:39:16,723 - INFO - C:\Users\emine\OneDrive\Documents\tigray_repo\tigray_data_repo\tigray_data_repo\settings.py changed, reloading.
2024-12-08 20:40:52,438 - INFO - C:\Users\emine\OneDrive\Documents\tigray_repo\tigray_data_repo\App\views.py changed, reloading.
2024-12-08 20:42:06,648 - INFO - C:\Users\emine\OneDrive\Documents\tigray_repo\tigray_data_repo\App\views.py changed, reloading.
2024-12-08 20:42:16,458 - INFO - C:\Users\emine\OneDrive\Documents\tigray_repo\tigray_data_repo\App\views.py changed, reloading.
2024-12-08 20:42:41,562 - INFO - C:\Users\emine\OneDrive\Documents\tigray_repo\tigray_data_repo\App\views.py changed, reloading.
2024-12-08 20:43:05,218 - INFO - C:\Users\emine\OneDrive\Documents\tigray_repo\tigray_data_repo\App\views.py changed, reloading.
2024-12-08 20:43:39,759 - INFO - C:\Users\emine\OneDrive\Documents\tigray_repo\tigray_data_repo\App\views.py changed, reloading.
2024-12-08 20:43:47,427 - INFO - C:\Users\emine\OneDrive\Documents\tigray_repo\tigray_data_repo\App\views.py changed, reloading.
2024-12-08 20:45:23,247 - INFO - C:\Users\emine\OneDrive\Documents\tigray_repo\tigray_data_repo\App\views.py changed, reloading.
2024-12-08 20:45:32,837 - INFO - C:\Users\emine\OneDrive\Documents\tigray_repo\tigray_data_repo\App\views.py changed, reloading.
2024-12-08 20:47:21,804 - INFO - C:\Users\emine\OneDrive\Documents\tigray_repo\tigray_data_repo\tigray_data_repo\urls.py changed, reloading.
2024-12-08 20:48:03,684 - INFO - C:\Users\emine\OneDrive\Documents\tigray_repo\tigray_data_repo\tigray_data_repo\urls.py changed, reloading.
2024-12-08 20:56:27,846 - INFO - C:\Users\emine\OneDrive\Documents\tigray_repo\tigray_data_repo\App\views.py changed, reloading.
2024-12-08 21:03:49,724 - INFO - C:\Users\emine\OneDrive\Documents\tigray_repo\tigray_data_repo\tigray_data_repo\urls.py changed, reloading.
2024-12-08 21:04:01,295 - INFO - C:\Users\emine\OneDrive\Documents\tigray_repo\tigray_data_repo\tigray_data_repo\urls.py changed, reloading.
2024-12-08 21:06:52,398 - WARNING - Method Not Allowed (POST): /stripe-checkout/
2024-12-08 21:06:52,401 - WARNING - Method Not Allowed: /stripe-checkout/
2024-12-08 21:06:52,453 - WARNING - Not Found: /favicon.ico
2024-12-08 21:07:15,378 - WARNING - Method Not Allowed (POST): /stripe-checkout/
2024-12-08 21:07:15,379 - WARNING - Method Not Allowed: /stripe-checkout/
2024-12-08 21:07:20,976 - WARNING - Method Not Allowed (POST): /stripe-checkout/
2024-12-08 21:07:20,976 - WARNING - Method Not Allowed: /stripe-checkout/
2024-12-08 21:08:11,668 - INFO - C:\Users\emine\OneDrive\Documents\tigray_repo\tigray_data_repo\App\views.py changed, reloading.
2024-12-08 21:08:18,097 - INFO - C:\Users\emine\OneDrive\Documents\tigray_repo\tigray_data_repo\App\views.py changed, reloading.
2024-12-08 21:08:25,447 - INFO - C:\Users\emine\OneDrive\Documents\tigray_repo\tigray_data_repo\tigray_data_repo\urls.py changed, reloading.
2024-12-08 21:08:36,818 - WARNING - Method Not Allowed (POST): /stripe-checkout/
2024-12-08 21:08:36,818 - WARNING - Method Not Allowed: /stripe-checkout/
2024-12-08 21:09:25,125 - WARNING - Not Found: /favicon.ico
2024-12-08 21:09:29,055 - WARNING - Method Not Allowed (POST): /stripe-checkout/
2024-12-08 21:09:29,055 - WARNING - Method Not Allowed: /stripe-checkout/
2024-12-08 21:10:19,152 - WARNING - Method Not Allowed (POST): /stripe-checkout/
2024-12-08 21:10:19,156 - WARNING - Method Not Allowed: /stripe-checkout/
2024-12-08 21:10:36,836 - WARNING - Method Not Allowed (POST): /stripe-checkout/
2024-12-08 21:10:36,836 - WARNING - Method Not Allowed: /stripe-checkout/
2024-12-08 21:11:51,221 - INFO - C:\Users\emine\OneDrive\Documents\tigray_repo\tigray_data_repo\App\views.py changed, reloading.
2024-12-08 21:11:55,562 - INFO - C:\Users\emine\OneDrive\Documents\tigray_repo\tigray_data_repo\App\views.py changed, reloading.
2024-12-08 21:12:37,101 - WARNING - Method Not Allowed (POST): /stripe-checkout/
2024-12-08 21:12:37,101 - WARNING - Method Not Allowed: /stripe-checkout/
2024-12-08 21:13:13,519 - INFO - C:\Users\emine\OneDrive\Documents\tigray_repo\tigray_data_repo\App\views.py changed, reloading.
2024-12-08 21:13:19,172 - INFO - C:\Users\emine\OneDrive\Documents\tigray_repo\tigray_data_repo\App\views.py changed, reloading.
2024-12-08 21:13:48,450 - INFO - C:\Users\emine\OneDrive\Documents\tigray_repo\tigray_data_repo\App\views.py changed, reloading.
2024-12-08 21:14:07,081 - INFO - message='Request to Stripe api' method=post url=https://api.stripe.com/v1/checkout/sessions
2024-12-08 21:14:08,877 - INFO - message='Stripe API response' path=https://api.stripe.com/v1/checkout/sessions response_code=200
2024-12-08 21:15:02,700 - INFO - message='Request to Stripe api' method=post url=https://api.stripe.com/v1/checkout/sessions
2024-12-08 21:15:04,378 - INFO - message='Stripe API response' path=https://api.stripe.com/v1/checkout/sessions response_code=200
2024-12-08 21:18:50,258 - INFO - C:\Users\emine\OneDrive\Documents\tigray_repo\tigray_data_repo\App\views.py changed, reloading.
2024-12-08 21:19:08,474 - INFO - C:\Users\emine\OneDrive\Documents\tigray_repo\tigray_data_repo\App\views.py changed, reloading.
2024-12-08 21:19:16,862 - INFO - C:\Users\emine\OneDrive\Documents\tigray_repo\tigray_data_repo\App\views.py changed, reloading.
2024-12-08 21:19:20,390 - INFO - message='Request to Stripe api' method=post url=https://api.stripe.com/v1/checkout/sessions
2024-12-08 21:19:22,206 - INFO - message='Stripe API response' path=https://api.stripe.com/v1/checkout/sessions response_code=200
2024-12-08 21:19:28,291 - INFO - message='Request to Stripe api' method=post url=https://api.stripe.com/v1/checkout/sessions
2024-12-08 21:19:29,040 - INFO - message='Stripe API response' path=https://api.stripe.com/v1/checkout/sessions response_code=200
2024-12-08 21:21:40,217 - INFO - C:\Users\emine\OneDrive\Documents\tigray_repo\tigray_data_repo\App\views.py changed, reloading.
2024-12-08 21:22:53,880 - INFO - message='Request to Stripe api' method=post url=https://api.stripe.com/v1/checkout/sessions
2024-12-08 21:22:56,220 - INFO - message='Stripe API response' path=https://api.stripe.com/v1/checkout/sessions response_code=200
2024-12-08 21:23:58,700 - INFO - C:\Users\emine\OneDrive\Documents\tigray_repo\tigray_data_repo\App\views.py changed, reloading.
2024-12-08 21:24:22,122 - INFO - C:\Users\emine\OneDrive\Documents\tigray_repo\tigray_data_repo\App\views.py changed, reloading.
2024-12-08 21:24:36,938 - INFO - C:\Users\emine\OneDrive\Documents\tigray_repo\tigray_data_repo\App\views.py changed, reloading.
2024-12-08 21:24:45,916 - INFO - message='Request to Stripe api' method=post url=https://api.stripe.com/v1/checkout/sessions
2024-12-08 21:24:47,617 - INFO - message='Stripe API response' path=https://api.stripe.com/v1/checkout/sessions response_code=200
2025-01-02 09:07:08,525 - INFO - message='Request to Stripe api' method=post url=https://api.stripe.com/v1/checkout/sessions
2025-01-02 09:07:10,385 - INFO - message='Stripe API response' path=https://api.stripe.com/v1/checkout/sessions response_code=200
2025-01-02 09:15:48,155 - INFO - message='Request to Stripe api' method=post url=https://api.stripe.com/v1/checkout/sessions
2025-01-02 09:15:50,193 - INFO - message='Stripe API response' path=https://api.stripe.com/v1/checkout/sessions response_code=200
2025-01-02 09:16:17,867 - INFO - C:\Users\emine\OneDrive\Documents\tigray_repo\tigray_data_repo\App\views.py changed, reloading.
2025-01-02 09:16:37,342 - WARNING - Forbidden (CSRF cookie not set.): /stripe-checkout/
2025-02-05 09:48:27,814 - INFO - C:\Users\emine\OneDrive\Documents\tigray_repo\tigray_data_repo\App\views.py changed, reloading.
2025-02-05 09:49:00,261 - INFO - C:\Users\emine\OneDrive\Documents\tigray_repo\tigray_data_repo\App\views.py changed, reloading.
2025-02-05 09:49:10,082 - INFO - C:\Users\emine\OneDrive\Documents\tigray_repo\tigray_data_repo\App\views.py changed, reloading.
2025-02-05 09:52:51,175 - INFO - message='Request to Stripe api' method=post url=https://api.stripe.com/v1/checkout/sessions
2025-02-05 09:52:51,353 - INFO - message='Request to Stripe api' method=post url=https://api.stripe.com/v1/checkout/sessions
2025-02-05 09:52:53,197 - INFO - message='Stripe API response' path=https://api.stripe.com/v1/checkout/sessions response_code=200
2025-02-05 09:52:53,199 - INFO - message='Stripe API response' path=https://api.stripe.com/v1/checkout/sessions response_code=200
2025-02-05 09:53:01,370 - INFO - C:\Users\emine\OneDrive\Documents\tigray_repo\tigray_data_repo\App\views.py changed, reloading.
2025-02-05 09:54:03,657 - INFO - C:\Users\emine\OneDrive\Documents\tigray_repo\tigray_data_repo\App\views.py changed, reloading.
2025-02-07 16:10:46,624 - WARNING - Not Found: /favicon.ico
2025-02-08 10:25:56,928 - WARNING - Not Found: /favicon.ico
2025-02-08 18:41:30,359 - INFO - C:\Users\emine\OneDrive\Documents\tigray_repo\tigray_data_repo\tigray_data_repo\urls.py changed, reloading.
2025-02-08 18:42:14,338 - INFO - C:\Users\emine\OneDrive\Documents\tigray_repo\tigray_data_repo\App\views.py changed, reloading.
2025-02-08 18:42:26,305 - INFO - C:\Users\emine\OneDrive\Documents\tigray_repo\tigray_data_repo\tigray_data_repo\urls.py changed, reloading.
2025-02-08 18:42:49,410 - INFO - C:\Users\emine\OneDrive\Documents\tigray_repo\tigray_data_repo\tigray_data_repo\urls.py changed, reloading.
2025-02-08 18:43:07,170 - INFO - C:\Users\emine\OneDrive\Documents\tigray_repo\tigray_data_repo\tigray_data_repo\urls.py changed, reloading.
2025-02-08 18:43:12,848 - ERROR - Internal Server Error: /why-tdr/
Traceback (most recent call last):
  File "C:\Users\emine\OneDrive\Documents\tigray_repo\env\Lib\site-packages\django\core\handlers\exception.py", line 55, in inner
    response = get_response(request)
               ^^^^^^^^^^^^^^^^^^^^^
  File "C:\Users\emine\OneDrive\Documents\tigray_repo\env\Lib\site-packages\django\core\handlers\base.py", line 220, in _get_response
    response = response.render()
               ^^^^^^^^^^^^^^^^^
  File "C:\Users\emine\OneDrive\Documents\tigray_repo\env\Lib\site-packages\django\template\response.py", line 114, in render
    self.content = self.rendered_content
                   ^^^^^^^^^^^^^^^^^^^^^
  File "C:\Users\emine\OneDrive\Documents\tigray_repo\env\Lib\site-packages\django\template\response.py", line 90, in rendered_content
    template = self.resolve_template(self.template_name)
               ^^^^^^^^^^^^^^^^^^^^^^^^^^^^^^^^^^^^^^^^^
  File "C:\Users\emine\OneDrive\Documents\tigray_repo\env\Lib\site-packages\django\template\response.py", line 72, in resolve_template
    return select_template(template, using=self.using)
           ^^^^^^^^^^^^^^^^^^^^^^^^^^^^^^^^^^^^^^^^^^^
  File "C:\Users\emine\OneDrive\Documents\tigray_repo\env\Lib\site-packages\django\template\loader.py", line 47, in select_template
    raise TemplateDoesNotExist(", ".join(template_name_list), chain=chain)
django.template.exceptions.TemplateDoesNotExist: why_tdr.html
2025-02-08 18:43:13,044 - WARNING - Not Found: /favicon.ico
2025-02-09 07:37:28,094 - INFO - C:\Users\emine\OneDrive\Documents\tigray_repo\tigray_data_repo\App\views.py changed, reloading.
2025-02-09 07:37:39,112 - INFO - C:\Users\emine\OneDrive\Documents\tigray_repo\tigray_data_repo\App\views.py changed, reloading.
2025-02-09 07:38:12,769 - INFO - C:\Users\emine\OneDrive\Documents\tigray_repo\tigray_data_repo\tigray_data_repo\urls.py changed, reloading.
2025-02-09 07:38:44,997 - INFO - C:\Users\emine\OneDrive\Documents\tigray_repo\tigray_data_repo\tigray_data_repo\urls.py changed, reloading.
2025-02-09 07:38:52,615 - INFO - C:\Users\emine\OneDrive\Documents\tigray_repo\tigray_data_repo\tigray_data_repo\urls.py changed, reloading.
2025-02-09 07:40:39,074 - INFO - C:\Users\emine\OneDrive\Documents\tigray_repo\tigray_data_repo\tigray_data_repo\urls.py changed, reloading.
2025-02-09 07:41:43,168 - INFO - C:\Users\emine\OneDrive\Documents\tigray_repo\tigray_data_repo\tigray_data_repo\urls.py changed, reloading.
2025-02-10 08:49:54,641 - WARNING - Not Found: /favicon.ico
2025-02-10 09:36:22,005 - INFO - C:\Users\emine\OneDrive\Documents\tigray_repo\tigray_data_repo\App\views.py changed, reloading.
2025-02-10 09:36:42,462 - INFO - C:\Users\emine\OneDrive\Documents\tigray_repo\tigray_data_repo\App\views.py changed, reloading.
2025-02-10 09:37:16,100 - INFO - C:\Users\emine\OneDrive\Documents\tigray_repo\tigray_data_repo\tigray_data_repo\urls.py changed, reloading.
2025-02-10 09:37:27,667 - INFO - C:\Users\emine\OneDrive\Documents\tigray_repo\tigray_data_repo\tigray_data_repo\urls.py changed, reloading.
2025-02-10 12:26:36,641 - INFO - message='Request to Stripe api' method=post url=https://api.stripe.com/v1/checkout/sessions
2025-02-10 12:26:39,128 - INFO - message='Stripe API response' path=https://api.stripe.com/v1/checkout/sessions response_code=200
2025-02-10 12:47:12,304 - INFO - message='Request to Stripe api' method=post url=https://api.stripe.com/v1/checkout/sessions
2025-02-10 12:47:14,549 - INFO - message='Stripe API response' path=https://api.stripe.com/v1/checkout/sessions response_code=200
2025-02-10 13:09:14,369 - INFO - message='Request to Stripe api' method=post url=https://api.stripe.com/v1/checkout/sessions
2025-02-10 13:09:16,669 - INFO - message='Stripe API response' path=https://api.stripe.com/v1/checkout/sessions response_code=200
2025-02-10 13:12:05,715 - INFO - C:\Users\emine\OneDrive\Documents\tigray_repo\tigray_data_repo\App\views.py changed, reloading.
2025-02-10 13:13:52,636 - INFO - message='Request to Stripe api' method=post url=https://api.stripe.com/v1/checkout/sessions
2025-02-10 13:13:54,284 - INFO - message='Stripe API response' path=https://api.stripe.com/v1/checkout/sessions response_code=400
2025-02-10 13:13:54,287 - INFO - error_code=url_invalid error_message='Not a valid URL' error_param=line_items[0][price_data][product_data][images][0] error_type=invalid_request_error message='Stripe v1 API error received'
2025-02-10 13:13:54,287 - ERROR - Stripe error: Request req_G8gREOh0WJKkjb: Not a valid URL
2025-02-10 13:14:26,637 - INFO - C:\Users\emine\OneDrive\Documents\tigray_repo\tigray_data_repo\App\views.py changed, reloading.
2025-02-10 13:14:50,475 - INFO - message='Request to Stripe api' method=post url=https://api.stripe.com/v1/checkout/sessions
2025-02-10 13:14:52,248 - INFO - message='Stripe API response' path=https://api.stripe.com/v1/checkout/sessions response_code=200
2025-02-10 13:15:15,679 - INFO - C:\Users\emine\OneDrive\Documents\tigray_repo\tigray_data_repo\App\views.py changed, reloading.
2025-02-10 13:15:30,063 - INFO - message='Request to Stripe api' method=post url=https://api.stripe.com/v1/checkout/sessions
2025-02-10 13:15:32,362 - INFO - message='Stripe API response' path=https://api.stripe.com/v1/checkout/sessions response_code=200
2025-02-10 13:16:31,718 - INFO - C:\Users\emine\OneDrive\Documents\tigray_repo\tigray_data_repo\App\views.py changed, reloading.
2025-02-10 13:16:54,386 - INFO - message='Request to Stripe api' method=post url=https://api.stripe.com/v1/checkout/sessions
2025-02-10 13:16:56,652 - INFO - message='Stripe API response' path=https://api.stripe.com/v1/checkout/sessions response_code=200
2025-02-10 13:17:45,020 - INFO - C:\Users\emine\OneDrive\Documents\tigray_repo\tigray_data_repo\App\views.py changed, reloading.
2025-02-10 13:18:01,188 - INFO - message='Request to Stripe api' method=post url=https://api.stripe.com/v1/checkout/sessions
2025-02-10 13:18:03,526 - INFO - message='Stripe API response' path=https://api.stripe.com/v1/checkout/sessions response_code=200
2025-02-10 13:19:04,006 - INFO - C:\Users\emine\OneDrive\Documents\tigray_repo\tigray_data_repo\App\views.py changed, reloading.
2025-02-10 13:19:15,621 - INFO - message='Request to Stripe api' method=post url=https://api.stripe.com/v1/checkout/sessions
2025-02-10 13:19:17,669 - INFO - message='Stripe API response' path=https://api.stripe.com/v1/checkout/sessions response_code=200
2025-02-10 13:23:26,948 - INFO - message='Request to Stripe api' method=post url=https://api.stripe.com/v1/checkout/sessions
2025-02-10 13:23:29,281 - INFO - message='Stripe API response' path=https://api.stripe.com/v1/checkout/sessions response_code=200
2025-02-12 20:13:11,358 - INFO - message='Request to Stripe api' method=post url=https://api.stripe.com/v1/checkout/sessions
2025-02-12 20:13:14,075 - INFO - message='Stripe API response' path=https://api.stripe.com/v1/checkout/sessions response_code=200
2025-02-12 20:13:34,559 - INFO - C:\Users\emine\OneDrive\Documents\tigray_repo\tigray_data_repo\App\views.py changed, reloading.
2025-02-12 20:13:42,333 - INFO - C:\Users\emine\OneDrive\Documents\tigray_repo\tigray_data_repo\App\views.py changed, reloading.
2025-02-12 20:14:00,955 - INFO - C:\Users\emine\OneDrive\Documents\tigray_repo\tigray_data_repo\App\views.py changed, reloading.
2025-02-12 20:14:08,265 - INFO - C:\Users\emine\OneDrive\Documents\tigray_repo\tigray_data_repo\App\views.py changed, reloading.
2025-02-17 18:41:04,917 - WARNING - Not Found: /favicon.ico
2025-02-17 20:24:20,672 - WARNING - Not Found: /stripe-checkout/76
2025-03-16 09:57:29,868 - INFO - C:\Users\emine\OneDrive\Documents\tigray_repo\tigray_data_repo\App\views.py changed, reloading.
2025-03-16 10:04:16,739 - INFO - C:\Users\emine\OneDrive\Documents\tigray_repo\tigray_data_repo\App\views.py changed, reloading.
2025-03-16 10:14:47,625 - INFO - C:\Users\emine\OneDrive\Documents\tigray_repo\tigray_data_repo\App\views.py changed, reloading.
2025-03-16 10:14:58,537 - INFO - C:\Users\emine\OneDrive\Documents\tigray_repo\tigray_data_repo\App\views.py changed, reloading.
2025-03-16 10:15:05,070 - INFO - C:\Users\emine\OneDrive\Documents\tigray_repo\tigray_data_repo\App\views.py changed, reloading.
2025-03-16 10:15:46,068 - INFO - C:\Users\emine\OneDrive\Documents\tigray_repo\tigray_data_repo\App\views.py changed, reloading.
2025-03-16 10:17:28,397 - INFO - C:\Users\emine\OneDrive\Documents\tigray_repo\tigray_data_repo\App\views.py changed, reloading.
2025-03-16 10:19:16,099 - INFO - C:\Users\emine\OneDrive\Documents\tigray_repo\tigray_data_repo\App\views.py changed, reloading.
2025-03-16 10:19:48,896 - INFO - C:\Users\emine\OneDrive\Documents\tigray_repo\tigray_data_repo\App\views.py changed, reloading.
2025-03-16 14:10:13,315 - INFO - C:\Users\emine\OneDrive\Documents\tigray_repo\tigray_data_repo\App\views.py changed, reloading.
2025-03-16 14:13:49,621 - INFO - C:\Users\emine\OneDrive\Documents\tigray_repo\tigray_data_repo\App\views.py changed, reloading.
2025-03-16 14:13:55,404 - ERROR - Internal Server Error: /blog/
Traceback (most recent call last):
  File "C:\Users\emine\OneDrive\Documents\tigray_repo\env\Lib\site-packages\django\core\handlers\exception.py", line 55, in inner
    response = get_response(request)
               ^^^^^^^^^^^^^^^^^^^^^
  File "C:\Users\emine\OneDrive\Documents\tigray_repo\env\Lib\site-packages\django\core\handlers\base.py", line 220, in _get_response
    response = response.render()
               ^^^^^^^^^^^^^^^^^
  File "C:\Users\emine\OneDrive\Documents\tigray_repo\env\Lib\site-packages\django\template\response.py", line 114, in render
    self.content = self.rendered_content
                   ^^^^^^^^^^^^^^^^^^^^^
  File "C:\Users\emine\OneDrive\Documents\tigray_repo\env\Lib\site-packages\django\template\response.py", line 92, in rendered_content
    return template.render(context, self._request)
           ^^^^^^^^^^^^^^^^^^^^^^^^^^^^^^^^^^^^^^^
  File "C:\Users\emine\OneDrive\Documents\tigray_repo\env\Lib\site-packages\django\template\backends\django.py", line 107, in render
    return self.template.render(context)
           ^^^^^^^^^^^^^^^^^^^^^^^^^^^^^
  File "C:\Users\emine\OneDrive\Documents\tigray_repo\env\Lib\site-packages\django\template\base.py", line 171, in render
    return self._render(context)
           ^^^^^^^^^^^^^^^^^^^^^
  File "C:\Users\emine\OneDrive\Documents\tigray_repo\env\Lib\site-packages\django\template\base.py", line 163, in _render
    return self.nodelist.render(context)
           ^^^^^^^^^^^^^^^^^^^^^^^^^^^^^
  File "C:\Users\emine\OneDrive\Documents\tigray_repo\env\Lib\site-packages\django\template\base.py", line 1008, in render
    return SafeString("".join([node.render_annotated(context) for node in self]))
                               ^^^^^^^^^^^^^^^^^^^^^^^^^^^^^^
  File "C:\Users\emine\OneDrive\Documents\tigray_repo\env\Lib\site-packages\django\template\base.py", line 969, in render_annotated
    return self.render(context)
           ^^^^^^^^^^^^^^^^^^^^
  File "C:\Users\emine\OneDrive\Documents\tigray_repo\env\Lib\site-packages\django\template\loader_tags.py", line 159, in render
    return compiled_parent._render(context)
           ^^^^^^^^^^^^^^^^^^^^^^^^^^^^^^^^
  File "C:\Users\emine\OneDrive\Documents\tigray_repo\env\Lib\site-packages\django\template\base.py", line 163, in _render
    return self.nodelist.render(context)
           ^^^^^^^^^^^^^^^^^^^^^^^^^^^^^
  File "C:\Users\emine\OneDrive\Documents\tigray_repo\env\Lib\site-packages\django\template\base.py", line 1008, in render
    return SafeString("".join([node.render_annotated(context) for node in self]))
                               ^^^^^^^^^^^^^^^^^^^^^^^^^^^^^^
  File "C:\Users\emine\OneDrive\Documents\tigray_repo\env\Lib\site-packages\django\template\base.py", line 969, in render_annotated
    return self.render(context)
           ^^^^^^^^^^^^^^^^^^^^
  File "C:\Users\emine\OneDrive\Documents\tigray_repo\env\Lib\site-packages\django\template\loader_tags.py", line 65, in render
    result = block.nodelist.render(context)
             ^^^^^^^^^^^^^^^^^^^^^^^^^^^^^^
  File "C:\Users\emine\OneDrive\Documents\tigray_repo\env\Lib\site-packages\django\template\base.py", line 1008, in render
    return SafeString("".join([node.render_annotated(context) for node in self]))
                               ^^^^^^^^^^^^^^^^^^^^^^^^^^^^^^
  File "C:\Users\emine\OneDrive\Documents\tigray_repo\env\Lib\site-packages\django\template\base.py", line 969, in render_annotated
    return self.render(context)
           ^^^^^^^^^^^^^^^^^^^^
  File "C:\Users\emine\OneDrive\Documents\tigray_repo\env\Lib\site-packages\django\template\loader_tags.py", line 199, in render
    template = context.template.engine.select_template(template_name)
               ^^^^^^^^^^^^^^^^^^^^^^^^^^^^^^^^^^^^^^^^^^^^^^^^^^^^^^
  File "C:\Users\emine\OneDrive\Documents\tigray_repo\env\Lib\site-packages\django\template\engine.py", line 208, in select_template
    return self.get_template(template_name)
           ^^^^^^^^^^^^^^^^^^^^^^^^^^^^^^^^
  File "C:\Users\emine\OneDrive\Documents\tigray_repo\env\Lib\site-packages\django\template\engine.py", line 177, in get_template
    template, origin = self.find_template(template_name)
                       ^^^^^^^^^^^^^^^^^^^^^^^^^^^^^^^^^
  File "C:\Users\emine\OneDrive\Documents\tigray_repo\env\Lib\site-packages\django\template\engine.py", line 159, in find_template
    template = loader.get_template(name, skip=skip)
               ^^^^^^^^^^^^^^^^^^^^^^^^^^^^^^^^^^^^
  File "C:\Users\emine\OneDrive\Documents\tigray_repo\env\Lib\site-packages\django\template\loaders\cached.py", line 57, in get_template
    template = super().get_template(template_name, skip)
               ^^^^^^^^^^^^^^^^^^^^^^^^^^^^^^^^^^^^^^^^^
  File "C:\Users\emine\OneDrive\Documents\tigray_repo\env\Lib\site-packages\django\template\loaders\base.py", line 28, in get_template
    return Template(
           ^^^^^^^^^
  File "C:\Users\emine\OneDrive\Documents\tigray_repo\env\Lib\site-packages\django\template\base.py", line 154, in __init__
    self.nodelist = self.compile_nodelist()
                    ^^^^^^^^^^^^^^^^^^^^^^^
  File "C:\Users\emine\OneDrive\Documents\tigray_repo\env\Lib\site-packages\django\template\base.py", line 196, in compile_nodelist
    nodelist = parser.parse()
               ^^^^^^^^^^^^^^
  File "C:\Users\emine\OneDrive\Documents\tigray_repo\env\Lib\site-packages\django\template\base.py", line 518, in parse
    raise self.error(token, e)
  File "C:\Users\emine\OneDrive\Documents\tigray_repo\env\Lib\site-packages\django\template\base.py", line 516, in parse
    compiled_result = compile_func(self, token)
                      ^^^^^^^^^^^^^^^^^^^^^^^^^
  File "C:\Users\emine\OneDrive\Documents\tigray_repo\env\Lib\site-packages\django\template\defaulttags.py", line 862, in do_for
    nodelist_loop = parser.parse(
                    ^^^^^^^^^^^^^
  File "C:\Users\emine\OneDrive\Documents\tigray_repo\env\Lib\site-packages\django\template\base.py", line 489, in parse
    raise self.error(token, e)
  File "C:\Users\emine\OneDrive\Documents\tigray_repo\env\Lib\site-packages\django\template\base.py", line 487, in parse
    filter_expression = self.compile_filter(token.contents)
                        ^^^^^^^^^^^^^^^^^^^^^^^^^^^^^^^^^^^
  File "C:\Users\emine\OneDrive\Documents\tigray_repo\env\Lib\site-packages\django\template\base.py", line 605, in compile_filter
    return FilterExpression(token, self)
           ^^^^^^^^^^^^^^^^^^^^^^^^^^^^^
  File "C:\Users\emine\OneDrive\Documents\tigray_repo\env\Lib\site-packages\django\template\base.py", line 701, in __init__
    filter_func = parser.find_filter(filter_name)
                  ^^^^^^^^^^^^^^^^^^^^^^^^^^^^^^^
  File "C:\Users\emine\OneDrive\Documents\tigray_repo\env\Lib\site-packages\django\template\base.py", line 611, in find_filter
    raise TemplateSyntaxError("Invalid filter: '%s'" % filter_name)
django.template.exceptions.TemplateSyntaxError: Invalid filter: 'read_more_content'
2025-03-16 14:13:55,909 - WARNING - Not Found: /favicon.ico
2025-03-16 14:14:53,035 - INFO - C:\Users\emine\OneDrive\Documents\tigray_repo\tigray_data_repo\App\views.py changed, reloading.
2025-03-16 14:15:20,369 - INFO - C:\Users\emine\OneDrive\Documents\tigray_repo\tigray_data_repo\App\views.py changed, reloading.
2025-03-16 14:16:35,884 - ERROR - Internal Server Error: /blog/
Traceback (most recent call last):
  File "C:\Users\emine\OneDrive\Documents\tigray_repo\env\Lib\site-packages\django\core\handlers\exception.py", line 55, in inner
    response = get_response(request)
               ^^^^^^^^^^^^^^^^^^^^^
  File "C:\Users\emine\OneDrive\Documents\tigray_repo\env\Lib\site-packages\django\core\handlers\base.py", line 197, in _get_response
    response = wrapped_callback(request, *callback_args, **callback_kwargs)
               ^^^^^^^^^^^^^^^^^^^^^^^^^^^^^^^^^^^^^^^^^^^^^^^^^^^^^^^^^^^^
  File "C:\Users\emine\OneDrive\Documents\tigray_repo\env\Lib\site-packages\django\views\generic\base.py", line 104, in view
    return self.dispatch(request, *args, **kwargs)
           ^^^^^^^^^^^^^^^^^^^^^^^^^^^^^^^^^^^^^^^
  File "C:\Users\emine\OneDrive\Documents\tigray_repo\env\Lib\site-packages\django\views\generic\base.py", line 143, in dispatch
    return handler(request, *args, **kwargs)
           ^^^^^^^^^^^^^^^^^^^^^^^^^^^^^^^^^
  File "C:\Users\emine\OneDrive\Documents\tigray_repo\tigray_data_repo\App\views.py", line 161, in get
    return HttpResponse(render_to_string(self.partial_template_name, context, request=request))
                        ^^^^^^^^^^^^^^^^^^^^^^^^^^^^^^^^^^^^^^^^^^^^^^^^^^^^^^^^^^^^^^^^^^^^^^
  File "C:\Users\emine\OneDrive\Documents\tigray_repo\env\Lib\site-packages\django\template\loader.py", line 61, in render_to_string
    template = get_template(template_name, using=using)
               ^^^^^^^^^^^^^^^^^^^^^^^^^^^^^^^^^^^^^^^^
  File "C:\Users\emine\OneDrive\Documents\tigray_repo\env\Lib\site-packages\django\template\loader.py", line 15, in get_template
    return engine.get_template(template_name)
           ^^^^^^^^^^^^^^^^^^^^^^^^^^^^^^^^^^
  File "C:\Users\emine\OneDrive\Documents\tigray_repo\env\Lib\site-packages\django\template\backends\django.py", line 79, in get_template
    return Template(self.engine.get_template(template_name), self)
                    ^^^^^^^^^^^^^^^^^^^^^^^^^^^^^^^^^^^^^^^
  File "C:\Users\emine\OneDrive\Documents\tigray_repo\env\Lib\site-packages\django\template\engine.py", line 177, in get_template
    template, origin = self.find_template(template_name)
                       ^^^^^^^^^^^^^^^^^^^^^^^^^^^^^^^^^
  File "C:\Users\emine\OneDrive\Documents\tigray_repo\env\Lib\site-packages\django\template\engine.py", line 159, in find_template
    template = loader.get_template(name, skip=skip)
               ^^^^^^^^^^^^^^^^^^^^^^^^^^^^^^^^^^^^
  File "C:\Users\emine\OneDrive\Documents\tigray_repo\env\Lib\site-packages\django\template\loaders\cached.py", line 57, in get_template
    template = super().get_template(template_name, skip)
               ^^^^^^^^^^^^^^^^^^^^^^^^^^^^^^^^^^^^^^^^^
  File "C:\Users\emine\OneDrive\Documents\tigray_repo\env\Lib\site-packages\django\template\loaders\base.py", line 28, in get_template
    return Template(
           ^^^^^^^^^
  File "C:\Users\emine\OneDrive\Documents\tigray_repo\env\Lib\site-packages\django\template\base.py", line 154, in __init__
    self.nodelist = self.compile_nodelist()
                    ^^^^^^^^^^^^^^^^^^^^^^^
  File "C:\Users\emine\OneDrive\Documents\tigray_repo\env\Lib\site-packages\django\template\base.py", line 196, in compile_nodelist
    nodelist = parser.parse()
               ^^^^^^^^^^^^^^
  File "C:\Users\emine\OneDrive\Documents\tigray_repo\env\Lib\site-packages\django\template\base.py", line 518, in parse
    raise self.error(token, e)
  File "C:\Users\emine\OneDrive\Documents\tigray_repo\env\Lib\site-packages\django\template\base.py", line 516, in parse
    compiled_result = compile_func(self, token)
                      ^^^^^^^^^^^^^^^^^^^^^^^^^
  File "C:\Users\emine\OneDrive\Documents\tigray_repo\env\Lib\site-packages\django\template\defaulttags.py", line 862, in do_for
    nodelist_loop = parser.parse(
                    ^^^^^^^^^^^^^
  File "C:\Users\emine\OneDrive\Documents\tigray_repo\env\Lib\site-packages\django\template\base.py", line 489, in parse
    raise self.error(token, e)
  File "C:\Users\emine\OneDrive\Documents\tigray_repo\env\Lib\site-packages\django\template\base.py", line 487, in parse
    filter_expression = self.compile_filter(token.contents)
                        ^^^^^^^^^^^^^^^^^^^^^^^^^^^^^^^^^^^
  File "C:\Users\emine\OneDrive\Documents\tigray_repo\env\Lib\site-packages\django\template\base.py", line 605, in compile_filter
    return FilterExpression(token, self)
           ^^^^^^^^^^^^^^^^^^^^^^^^^^^^^
  File "C:\Users\emine\OneDrive\Documents\tigray_repo\env\Lib\site-packages\django\template\base.py", line 701, in __init__
    filter_func = parser.find_filter(filter_name)
                  ^^^^^^^^^^^^^^^^^^^^^^^^^^^^^^^
  File "C:\Users\emine\OneDrive\Documents\tigray_repo\env\Lib\site-packages\django\template\base.py", line 611, in find_filter
    raise TemplateSyntaxError("Invalid filter: '%s'" % filter_name)
django.template.exceptions.TemplateSyntaxError: Invalid filter: 'read_more_content'
2025-03-16 14:16:36,613 - ERROR - Internal Server Error: /blog/
Traceback (most recent call last):
  File "C:\Users\emine\OneDrive\Documents\tigray_repo\env\Lib\site-packages\django\core\handlers\exception.py", line 55, in inner
    response = get_response(request)
               ^^^^^^^^^^^^^^^^^^^^^
  File "C:\Users\emine\OneDrive\Documents\tigray_repo\env\Lib\site-packages\django\core\handlers\base.py", line 197, in _get_response
    response = wrapped_callback(request, *callback_args, **callback_kwargs)
               ^^^^^^^^^^^^^^^^^^^^^^^^^^^^^^^^^^^^^^^^^^^^^^^^^^^^^^^^^^^^
  File "C:\Users\emine\OneDrive\Documents\tigray_repo\env\Lib\site-packages\django\views\generic\base.py", line 104, in view
    return self.dispatch(request, *args, **kwargs)
           ^^^^^^^^^^^^^^^^^^^^^^^^^^^^^^^^^^^^^^^
  File "C:\Users\emine\OneDrive\Documents\tigray_repo\env\Lib\site-packages\django\views\generic\base.py", line 143, in dispatch
    return handler(request, *args, **kwargs)
           ^^^^^^^^^^^^^^^^^^^^^^^^^^^^^^^^^
  File "C:\Users\emine\OneDrive\Documents\tigray_repo\tigray_data_repo\App\views.py", line 161, in get
    return HttpResponse(render_to_string(self.partial_template_name, context, request=request))
                        ^^^^^^^^^^^^^^^^^^^^^^^^^^^^^^^^^^^^^^^^^^^^^^^^^^^^^^^^^^^^^^^^^^^^^^
  File "C:\Users\emine\OneDrive\Documents\tigray_repo\env\Lib\site-packages\django\template\loader.py", line 61, in render_to_string
    template = get_template(template_name, using=using)
               ^^^^^^^^^^^^^^^^^^^^^^^^^^^^^^^^^^^^^^^^
  File "C:\Users\emine\OneDrive\Documents\tigray_repo\env\Lib\site-packages\django\template\loader.py", line 15, in get_template
    return engine.get_template(template_name)
           ^^^^^^^^^^^^^^^^^^^^^^^^^^^^^^^^^^
  File "C:\Users\emine\OneDrive\Documents\tigray_repo\env\Lib\site-packages\django\template\backends\django.py", line 79, in get_template
    return Template(self.engine.get_template(template_name), self)
                    ^^^^^^^^^^^^^^^^^^^^^^^^^^^^^^^^^^^^^^^
  File "C:\Users\emine\OneDrive\Documents\tigray_repo\env\Lib\site-packages\django\template\engine.py", line 177, in get_template
    template, origin = self.find_template(template_name)
                       ^^^^^^^^^^^^^^^^^^^^^^^^^^^^^^^^^
  File "C:\Users\emine\OneDrive\Documents\tigray_repo\env\Lib\site-packages\django\template\engine.py", line 159, in find_template
    template = loader.get_template(name, skip=skip)
               ^^^^^^^^^^^^^^^^^^^^^^^^^^^^^^^^^^^^
  File "C:\Users\emine\OneDrive\Documents\tigray_repo\env\Lib\site-packages\django\template\loaders\cached.py", line 57, in get_template
    template = super().get_template(template_name, skip)
               ^^^^^^^^^^^^^^^^^^^^^^^^^^^^^^^^^^^^^^^^^
  File "C:\Users\emine\OneDrive\Documents\tigray_repo\env\Lib\site-packages\django\template\loaders\base.py", line 28, in get_template
    return Template(
           ^^^^^^^^^
  File "C:\Users\emine\OneDrive\Documents\tigray_repo\env\Lib\site-packages\django\template\base.py", line 154, in __init__
    self.nodelist = self.compile_nodelist()
                    ^^^^^^^^^^^^^^^^^^^^^^^
  File "C:\Users\emine\OneDrive\Documents\tigray_repo\env\Lib\site-packages\django\template\base.py", line 196, in compile_nodelist
    nodelist = parser.parse()
               ^^^^^^^^^^^^^^
  File "C:\Users\emine\OneDrive\Documents\tigray_repo\env\Lib\site-packages\django\template\base.py", line 518, in parse
    raise self.error(token, e)
  File "C:\Users\emine\OneDrive\Documents\tigray_repo\env\Lib\site-packages\django\template\base.py", line 516, in parse
    compiled_result = compile_func(self, token)
                      ^^^^^^^^^^^^^^^^^^^^^^^^^
  File "C:\Users\emine\OneDrive\Documents\tigray_repo\env\Lib\site-packages\django\template\defaulttags.py", line 862, in do_for
    nodelist_loop = parser.parse(
                    ^^^^^^^^^^^^^
  File "C:\Users\emine\OneDrive\Documents\tigray_repo\env\Lib\site-packages\django\template\base.py", line 489, in parse
    raise self.error(token, e)
  File "C:\Users\emine\OneDrive\Documents\tigray_repo\env\Lib\site-packages\django\template\base.py", line 487, in parse
    filter_expression = self.compile_filter(token.contents)
                        ^^^^^^^^^^^^^^^^^^^^^^^^^^^^^^^^^^^
  File "C:\Users\emine\OneDrive\Documents\tigray_repo\env\Lib\site-packages\django\template\base.py", line 605, in compile_filter
    return FilterExpression(token, self)
           ^^^^^^^^^^^^^^^^^^^^^^^^^^^^^
  File "C:\Users\emine\OneDrive\Documents\tigray_repo\env\Lib\site-packages\django\template\base.py", line 701, in __init__
    filter_func = parser.find_filter(filter_name)
                  ^^^^^^^^^^^^^^^^^^^^^^^^^^^^^^^
  File "C:\Users\emine\OneDrive\Documents\tigray_repo\env\Lib\site-packages\django\template\base.py", line 611, in find_filter
    raise TemplateSyntaxError("Invalid filter: '%s'" % filter_name)
django.template.exceptions.TemplateSyntaxError: Invalid filter: 'read_more_content'
2025-03-16 14:18:29,168 - ERROR - Internal Server Error: /blog/
Traceback (most recent call last):
  File "C:\Users\emine\OneDrive\Documents\tigray_repo\env\Lib\site-packages\django\core\handlers\exception.py", line 55, in inner
    response = get_response(request)
               ^^^^^^^^^^^^^^^^^^^^^
  File "C:\Users\emine\OneDrive\Documents\tigray_repo\env\Lib\site-packages\django\core\handlers\base.py", line 197, in _get_response
    response = wrapped_callback(request, *callback_args, **callback_kwargs)
               ^^^^^^^^^^^^^^^^^^^^^^^^^^^^^^^^^^^^^^^^^^^^^^^^^^^^^^^^^^^^
  File "C:\Users\emine\OneDrive\Documents\tigray_repo\env\Lib\site-packages\django\views\generic\base.py", line 104, in view
    return self.dispatch(request, *args, **kwargs)
           ^^^^^^^^^^^^^^^^^^^^^^^^^^^^^^^^^^^^^^^
  File "C:\Users\emine\OneDrive\Documents\tigray_repo\env\Lib\site-packages\django\views\generic\base.py", line 143, in dispatch
    return handler(request, *args, **kwargs)
           ^^^^^^^^^^^^^^^^^^^^^^^^^^^^^^^^^
  File "C:\Users\emine\OneDrive\Documents\tigray_repo\tigray_data_repo\App\views.py", line 161, in get
    return HttpResponse(render_to_string(self.partial_template_name, context, request=request))
                        ^^^^^^^^^^^^^^^^^^^^^^^^^^^^^^^^^^^^^^^^^^^^^^^^^^^^^^^^^^^^^^^^^^^^^^
  File "C:\Users\emine\OneDrive\Documents\tigray_repo\env\Lib\site-packages\django\template\loader.py", line 61, in render_to_string
    template = get_template(template_name, using=using)
               ^^^^^^^^^^^^^^^^^^^^^^^^^^^^^^^^^^^^^^^^
  File "C:\Users\emine\OneDrive\Documents\tigray_repo\env\Lib\site-packages\django\template\loader.py", line 15, in get_template
    return engine.get_template(template_name)
           ^^^^^^^^^^^^^^^^^^^^^^^^^^^^^^^^^^
  File "C:\Users\emine\OneDrive\Documents\tigray_repo\env\Lib\site-packages\django\template\backends\django.py", line 79, in get_template
    return Template(self.engine.get_template(template_name), self)
                    ^^^^^^^^^^^^^^^^^^^^^^^^^^^^^^^^^^^^^^^
  File "C:\Users\emine\OneDrive\Documents\tigray_repo\env\Lib\site-packages\django\template\engine.py", line 177, in get_template
    template, origin = self.find_template(template_name)
                       ^^^^^^^^^^^^^^^^^^^^^^^^^^^^^^^^^
  File "C:\Users\emine\OneDrive\Documents\tigray_repo\env\Lib\site-packages\django\template\engine.py", line 159, in find_template
    template = loader.get_template(name, skip=skip)
               ^^^^^^^^^^^^^^^^^^^^^^^^^^^^^^^^^^^^
  File "C:\Users\emine\OneDrive\Documents\tigray_repo\env\Lib\site-packages\django\template\loaders\cached.py", line 57, in get_template
    template = super().get_template(template_name, skip)
               ^^^^^^^^^^^^^^^^^^^^^^^^^^^^^^^^^^^^^^^^^
  File "C:\Users\emine\OneDrive\Documents\tigray_repo\env\Lib\site-packages\django\template\loaders\base.py", line 28, in get_template
    return Template(
           ^^^^^^^^^
  File "C:\Users\emine\OneDrive\Documents\tigray_repo\env\Lib\site-packages\django\template\base.py", line 154, in __init__
    self.nodelist = self.compile_nodelist()
                    ^^^^^^^^^^^^^^^^^^^^^^^
  File "C:\Users\emine\OneDrive\Documents\tigray_repo\env\Lib\site-packages\django\template\base.py", line 196, in compile_nodelist
    nodelist = parser.parse()
               ^^^^^^^^^^^^^^
  File "C:\Users\emine\OneDrive\Documents\tigray_repo\env\Lib\site-packages\django\template\base.py", line 518, in parse
    raise self.error(token, e)
  File "C:\Users\emine\OneDrive\Documents\tigray_repo\env\Lib\site-packages\django\template\base.py", line 516, in parse
    compiled_result = compile_func(self, token)
                      ^^^^^^^^^^^^^^^^^^^^^^^^^
  File "C:\Users\emine\OneDrive\Documents\tigray_repo\env\Lib\site-packages\django\template\defaulttags.py", line 862, in do_for
    nodelist_loop = parser.parse(
                    ^^^^^^^^^^^^^
  File "C:\Users\emine\OneDrive\Documents\tigray_repo\env\Lib\site-packages\django\template\base.py", line 489, in parse
    raise self.error(token, e)
  File "C:\Users\emine\OneDrive\Documents\tigray_repo\env\Lib\site-packages\django\template\base.py", line 487, in parse
    filter_expression = self.compile_filter(token.contents)
                        ^^^^^^^^^^^^^^^^^^^^^^^^^^^^^^^^^^^
  File "C:\Users\emine\OneDrive\Documents\tigray_repo\env\Lib\site-packages\django\template\base.py", line 605, in compile_filter
    return FilterExpression(token, self)
           ^^^^^^^^^^^^^^^^^^^^^^^^^^^^^
  File "C:\Users\emine\OneDrive\Documents\tigray_repo\env\Lib\site-packages\django\template\base.py", line 701, in __init__
    filter_func = parser.find_filter(filter_name)
                  ^^^^^^^^^^^^^^^^^^^^^^^^^^^^^^^
  File "C:\Users\emine\OneDrive\Documents\tigray_repo\env\Lib\site-packages\django\template\base.py", line 611, in find_filter
    raise TemplateSyntaxError("Invalid filter: '%s'" % filter_name)
django.template.exceptions.TemplateSyntaxError: Invalid filter: 'read_more_content'
2025-03-16 14:18:29,876 - ERROR - Internal Server Error: /blog/
Traceback (most recent call last):
  File "C:\Users\emine\OneDrive\Documents\tigray_repo\env\Lib\site-packages\django\core\handlers\exception.py", line 55, in inner
    response = get_response(request)
               ^^^^^^^^^^^^^^^^^^^^^
  File "C:\Users\emine\OneDrive\Documents\tigray_repo\env\Lib\site-packages\django\core\handlers\base.py", line 197, in _get_response
    response = wrapped_callback(request, *callback_args, **callback_kwargs)
               ^^^^^^^^^^^^^^^^^^^^^^^^^^^^^^^^^^^^^^^^^^^^^^^^^^^^^^^^^^^^
  File "C:\Users\emine\OneDrive\Documents\tigray_repo\env\Lib\site-packages\django\views\generic\base.py", line 104, in view
    return self.dispatch(request, *args, **kwargs)
           ^^^^^^^^^^^^^^^^^^^^^^^^^^^^^^^^^^^^^^^
  File "C:\Users\emine\OneDrive\Documents\tigray_repo\env\Lib\site-packages\django\views\generic\base.py", line 143, in dispatch
    return handler(request, *args, **kwargs)
           ^^^^^^^^^^^^^^^^^^^^^^^^^^^^^^^^^
  File "C:\Users\emine\OneDrive\Documents\tigray_repo\tigray_data_repo\App\views.py", line 161, in get
    return HttpResponse(render_to_string(self.partial_template_name, context, request=request))
                        ^^^^^^^^^^^^^^^^^^^^^^^^^^^^^^^^^^^^^^^^^^^^^^^^^^^^^^^^^^^^^^^^^^^^^^
  File "C:\Users\emine\OneDrive\Documents\tigray_repo\env\Lib\site-packages\django\template\loader.py", line 61, in render_to_string
    template = get_template(template_name, using=using)
               ^^^^^^^^^^^^^^^^^^^^^^^^^^^^^^^^^^^^^^^^
  File "C:\Users\emine\OneDrive\Documents\tigray_repo\env\Lib\site-packages\django\template\loader.py", line 15, in get_template
    return engine.get_template(template_name)
           ^^^^^^^^^^^^^^^^^^^^^^^^^^^^^^^^^^
  File "C:\Users\emine\OneDrive\Documents\tigray_repo\env\Lib\site-packages\django\template\backends\django.py", line 79, in get_template
    return Template(self.engine.get_template(template_name), self)
                    ^^^^^^^^^^^^^^^^^^^^^^^^^^^^^^^^^^^^^^^
  File "C:\Users\emine\OneDrive\Documents\tigray_repo\env\Lib\site-packages\django\template\engine.py", line 177, in get_template
    template, origin = self.find_template(template_name)
                       ^^^^^^^^^^^^^^^^^^^^^^^^^^^^^^^^^
  File "C:\Users\emine\OneDrive\Documents\tigray_repo\env\Lib\site-packages\django\template\engine.py", line 159, in find_template
    template = loader.get_template(name, skip=skip)
               ^^^^^^^^^^^^^^^^^^^^^^^^^^^^^^^^^^^^
  File "C:\Users\emine\OneDrive\Documents\tigray_repo\env\Lib\site-packages\django\template\loaders\cached.py", line 57, in get_template
    template = super().get_template(template_name, skip)
               ^^^^^^^^^^^^^^^^^^^^^^^^^^^^^^^^^^^^^^^^^
  File "C:\Users\emine\OneDrive\Documents\tigray_repo\env\Lib\site-packages\django\template\loaders\base.py", line 28, in get_template
    return Template(
           ^^^^^^^^^
  File "C:\Users\emine\OneDrive\Documents\tigray_repo\env\Lib\site-packages\django\template\base.py", line 154, in __init__
    self.nodelist = self.compile_nodelist()
                    ^^^^^^^^^^^^^^^^^^^^^^^
  File "C:\Users\emine\OneDrive\Documents\tigray_repo\env\Lib\site-packages\django\template\base.py", line 196, in compile_nodelist
    nodelist = parser.parse()
               ^^^^^^^^^^^^^^
  File "C:\Users\emine\OneDrive\Documents\tigray_repo\env\Lib\site-packages\django\template\base.py", line 518, in parse
    raise self.error(token, e)
  File "C:\Users\emine\OneDrive\Documents\tigray_repo\env\Lib\site-packages\django\template\base.py", line 516, in parse
    compiled_result = compile_func(self, token)
                      ^^^^^^^^^^^^^^^^^^^^^^^^^
  File "C:\Users\emine\OneDrive\Documents\tigray_repo\env\Lib\site-packages\django\template\defaulttags.py", line 862, in do_for
    nodelist_loop = parser.parse(
                    ^^^^^^^^^^^^^
  File "C:\Users\emine\OneDrive\Documents\tigray_repo\env\Lib\site-packages\django\template\base.py", line 489, in parse
    raise self.error(token, e)
  File "C:\Users\emine\OneDrive\Documents\tigray_repo\env\Lib\site-packages\django\template\base.py", line 487, in parse
    filter_expression = self.compile_filter(token.contents)
                        ^^^^^^^^^^^^^^^^^^^^^^^^^^^^^^^^^^^
  File "C:\Users\emine\OneDrive\Documents\tigray_repo\env\Lib\site-packages\django\template\base.py", line 605, in compile_filter
    return FilterExpression(token, self)
           ^^^^^^^^^^^^^^^^^^^^^^^^^^^^^
  File "C:\Users\emine\OneDrive\Documents\tigray_repo\env\Lib\site-packages\django\template\base.py", line 701, in __init__
    filter_func = parser.find_filter(filter_name)
                  ^^^^^^^^^^^^^^^^^^^^^^^^^^^^^^^
  File "C:\Users\emine\OneDrive\Documents\tigray_repo\env\Lib\site-packages\django\template\base.py", line 611, in find_filter
    raise TemplateSyntaxError("Invalid filter: '%s'" % filter_name)
django.template.exceptions.TemplateSyntaxError: Invalid filter: 'read_more_content'
2025-03-16 14:18:40,705 - ERROR - Internal Server Error: /blog/
Traceback (most recent call last):
  File "C:\Users\emine\OneDrive\Documents\tigray_repo\env\Lib\site-packages\django\core\handlers\exception.py", line 55, in inner
    response = get_response(request)
               ^^^^^^^^^^^^^^^^^^^^^
  File "C:\Users\emine\OneDrive\Documents\tigray_repo\env\Lib\site-packages\django\core\handlers\base.py", line 197, in _get_response
    response = wrapped_callback(request, *callback_args, **callback_kwargs)
               ^^^^^^^^^^^^^^^^^^^^^^^^^^^^^^^^^^^^^^^^^^^^^^^^^^^^^^^^^^^^
  File "C:\Users\emine\OneDrive\Documents\tigray_repo\env\Lib\site-packages\django\views\generic\base.py", line 104, in view
    return self.dispatch(request, *args, **kwargs)
           ^^^^^^^^^^^^^^^^^^^^^^^^^^^^^^^^^^^^^^^
  File "C:\Users\emine\OneDrive\Documents\tigray_repo\env\Lib\site-packages\django\views\generic\base.py", line 143, in dispatch
    return handler(request, *args, **kwargs)
           ^^^^^^^^^^^^^^^^^^^^^^^^^^^^^^^^^
  File "C:\Users\emine\OneDrive\Documents\tigray_repo\tigray_data_repo\App\views.py", line 161, in get
    return HttpResponse(render_to_string(self.partial_template_name, context, request=request))
                        ^^^^^^^^^^^^^^^^^^^^^^^^^^^^^^^^^^^^^^^^^^^^^^^^^^^^^^^^^^^^^^^^^^^^^^
  File "C:\Users\emine\OneDrive\Documents\tigray_repo\env\Lib\site-packages\django\template\loader.py", line 61, in render_to_string
    template = get_template(template_name, using=using)
               ^^^^^^^^^^^^^^^^^^^^^^^^^^^^^^^^^^^^^^^^
  File "C:\Users\emine\OneDrive\Documents\tigray_repo\env\Lib\site-packages\django\template\loader.py", line 15, in get_template
    return engine.get_template(template_name)
           ^^^^^^^^^^^^^^^^^^^^^^^^^^^^^^^^^^
  File "C:\Users\emine\OneDrive\Documents\tigray_repo\env\Lib\site-packages\django\template\backends\django.py", line 79, in get_template
    return Template(self.engine.get_template(template_name), self)
                    ^^^^^^^^^^^^^^^^^^^^^^^^^^^^^^^^^^^^^^^
  File "C:\Users\emine\OneDrive\Documents\tigray_repo\env\Lib\site-packages\django\template\engine.py", line 177, in get_template
    template, origin = self.find_template(template_name)
                       ^^^^^^^^^^^^^^^^^^^^^^^^^^^^^^^^^
  File "C:\Users\emine\OneDrive\Documents\tigray_repo\env\Lib\site-packages\django\template\engine.py", line 159, in find_template
    template = loader.get_template(name, skip=skip)
               ^^^^^^^^^^^^^^^^^^^^^^^^^^^^^^^^^^^^
  File "C:\Users\emine\OneDrive\Documents\tigray_repo\env\Lib\site-packages\django\template\loaders\cached.py", line 57, in get_template
    template = super().get_template(template_name, skip)
               ^^^^^^^^^^^^^^^^^^^^^^^^^^^^^^^^^^^^^^^^^
  File "C:\Users\emine\OneDrive\Documents\tigray_repo\env\Lib\site-packages\django\template\loaders\base.py", line 28, in get_template
    return Template(
           ^^^^^^^^^
  File "C:\Users\emine\OneDrive\Documents\tigray_repo\env\Lib\site-packages\django\template\base.py", line 154, in __init__
    self.nodelist = self.compile_nodelist()
                    ^^^^^^^^^^^^^^^^^^^^^^^
  File "C:\Users\emine\OneDrive\Documents\tigray_repo\env\Lib\site-packages\django\template\base.py", line 196, in compile_nodelist
    nodelist = parser.parse()
               ^^^^^^^^^^^^^^
  File "C:\Users\emine\OneDrive\Documents\tigray_repo\env\Lib\site-packages\django\template\base.py", line 518, in parse
    raise self.error(token, e)
  File "C:\Users\emine\OneDrive\Documents\tigray_repo\env\Lib\site-packages\django\template\base.py", line 516, in parse
    compiled_result = compile_func(self, token)
                      ^^^^^^^^^^^^^^^^^^^^^^^^^
  File "C:\Users\emine\OneDrive\Documents\tigray_repo\env\Lib\site-packages\django\template\defaulttags.py", line 862, in do_for
    nodelist_loop = parser.parse(
                    ^^^^^^^^^^^^^
  File "C:\Users\emine\OneDrive\Documents\tigray_repo\env\Lib\site-packages\django\template\base.py", line 489, in parse
    raise self.error(token, e)
  File "C:\Users\emine\OneDrive\Documents\tigray_repo\env\Lib\site-packages\django\template\base.py", line 487, in parse
    filter_expression = self.compile_filter(token.contents)
                        ^^^^^^^^^^^^^^^^^^^^^^^^^^^^^^^^^^^
  File "C:\Users\emine\OneDrive\Documents\tigray_repo\env\Lib\site-packages\django\template\base.py", line 605, in compile_filter
    return FilterExpression(token, self)
           ^^^^^^^^^^^^^^^^^^^^^^^^^^^^^
  File "C:\Users\emine\OneDrive\Documents\tigray_repo\env\Lib\site-packages\django\template\base.py", line 701, in __init__
    filter_func = parser.find_filter(filter_name)
                  ^^^^^^^^^^^^^^^^^^^^^^^^^^^^^^^
  File "C:\Users\emine\OneDrive\Documents\tigray_repo\env\Lib\site-packages\django\template\base.py", line 611, in find_filter
    raise TemplateSyntaxError("Invalid filter: '%s'" % filter_name)
django.template.exceptions.TemplateSyntaxError: Invalid filter: 'read_more_content'
2025-03-16 14:20:18,808 - ERROR - Internal Server Error: /blog/
Traceback (most recent call last):
  File "C:\Users\emine\OneDrive\Documents\tigray_repo\env\Lib\site-packages\django\core\handlers\exception.py", line 55, in inner
    response = get_response(request)
               ^^^^^^^^^^^^^^^^^^^^^
  File "C:\Users\emine\OneDrive\Documents\tigray_repo\env\Lib\site-packages\django\core\handlers\base.py", line 197, in _get_response
    response = wrapped_callback(request, *callback_args, **callback_kwargs)
               ^^^^^^^^^^^^^^^^^^^^^^^^^^^^^^^^^^^^^^^^^^^^^^^^^^^^^^^^^^^^
  File "C:\Users\emine\OneDrive\Documents\tigray_repo\env\Lib\site-packages\django\views\generic\base.py", line 104, in view
    return self.dispatch(request, *args, **kwargs)
           ^^^^^^^^^^^^^^^^^^^^^^^^^^^^^^^^^^^^^^^
  File "C:\Users\emine\OneDrive\Documents\tigray_repo\env\Lib\site-packages\django\views\generic\base.py", line 143, in dispatch
    return handler(request, *args, **kwargs)
           ^^^^^^^^^^^^^^^^^^^^^^^^^^^^^^^^^
  File "C:\Users\emine\OneDrive\Documents\tigray_repo\tigray_data_repo\App\views.py", line 161, in get
    return HttpResponse(render_to_string(self.partial_template_name, context, request=request))
                        ^^^^^^^^^^^^^^^^^^^^^^^^^^^^^^^^^^^^^^^^^^^^^^^^^^^^^^^^^^^^^^^^^^^^^^
  File "C:\Users\emine\OneDrive\Documents\tigray_repo\env\Lib\site-packages\django\template\loader.py", line 61, in render_to_string
    template = get_template(template_name, using=using)
               ^^^^^^^^^^^^^^^^^^^^^^^^^^^^^^^^^^^^^^^^
  File "C:\Users\emine\OneDrive\Documents\tigray_repo\env\Lib\site-packages\django\template\loader.py", line 15, in get_template
    return engine.get_template(template_name)
           ^^^^^^^^^^^^^^^^^^^^^^^^^^^^^^^^^^
  File "C:\Users\emine\OneDrive\Documents\tigray_repo\env\Lib\site-packages\django\template\backends\django.py", line 79, in get_template
    return Template(self.engine.get_template(template_name), self)
                    ^^^^^^^^^^^^^^^^^^^^^^^^^^^^^^^^^^^^^^^
  File "C:\Users\emine\OneDrive\Documents\tigray_repo\env\Lib\site-packages\django\template\engine.py", line 177, in get_template
    template, origin = self.find_template(template_name)
                       ^^^^^^^^^^^^^^^^^^^^^^^^^^^^^^^^^
  File "C:\Users\emine\OneDrive\Documents\tigray_repo\env\Lib\site-packages\django\template\engine.py", line 159, in find_template
    template = loader.get_template(name, skip=skip)
               ^^^^^^^^^^^^^^^^^^^^^^^^^^^^^^^^^^^^
  File "C:\Users\emine\OneDrive\Documents\tigray_repo\env\Lib\site-packages\django\template\loaders\cached.py", line 57, in get_template
    template = super().get_template(template_name, skip)
               ^^^^^^^^^^^^^^^^^^^^^^^^^^^^^^^^^^^^^^^^^
  File "C:\Users\emine\OneDrive\Documents\tigray_repo\env\Lib\site-packages\django\template\loaders\base.py", line 28, in get_template
    return Template(
           ^^^^^^^^^
  File "C:\Users\emine\OneDrive\Documents\tigray_repo\env\Lib\site-packages\django\template\base.py", line 154, in __init__
    self.nodelist = self.compile_nodelist()
                    ^^^^^^^^^^^^^^^^^^^^^^^
  File "C:\Users\emine\OneDrive\Documents\tigray_repo\env\Lib\site-packages\django\template\base.py", line 196, in compile_nodelist
    nodelist = parser.parse()
               ^^^^^^^^^^^^^^
  File "C:\Users\emine\OneDrive\Documents\tigray_repo\env\Lib\site-packages\django\template\base.py", line 518, in parse
    raise self.error(token, e)
  File "C:\Users\emine\OneDrive\Documents\tigray_repo\env\Lib\site-packages\django\template\base.py", line 516, in parse
    compiled_result = compile_func(self, token)
                      ^^^^^^^^^^^^^^^^^^^^^^^^^
  File "C:\Users\emine\OneDrive\Documents\tigray_repo\env\Lib\site-packages\django\template\defaulttags.py", line 862, in do_for
    nodelist_loop = parser.parse(
                    ^^^^^^^^^^^^^
  File "C:\Users\emine\OneDrive\Documents\tigray_repo\env\Lib\site-packages\django\template\base.py", line 489, in parse
    raise self.error(token, e)
  File "C:\Users\emine\OneDrive\Documents\tigray_repo\env\Lib\site-packages\django\template\base.py", line 487, in parse
    filter_expression = self.compile_filter(token.contents)
                        ^^^^^^^^^^^^^^^^^^^^^^^^^^^^^^^^^^^
  File "C:\Users\emine\OneDrive\Documents\tigray_repo\env\Lib\site-packages\django\template\base.py", line 605, in compile_filter
    return FilterExpression(token, self)
           ^^^^^^^^^^^^^^^^^^^^^^^^^^^^^
  File "C:\Users\emine\OneDrive\Documents\tigray_repo\env\Lib\site-packages\django\template\base.py", line 701, in __init__
    filter_func = parser.find_filter(filter_name)
                  ^^^^^^^^^^^^^^^^^^^^^^^^^^^^^^^
  File "C:\Users\emine\OneDrive\Documents\tigray_repo\env\Lib\site-packages\django\template\base.py", line 611, in find_filter
    raise TemplateSyntaxError("Invalid filter: '%s'" % filter_name)
django.template.exceptions.TemplateSyntaxError: Invalid filter: 'read_more_content'
2025-03-16 14:20:19,887 - ERROR - Internal Server Error: /blog/
Traceback (most recent call last):
  File "C:\Users\emine\OneDrive\Documents\tigray_repo\env\Lib\site-packages\django\core\handlers\exception.py", line 55, in inner
    response = get_response(request)
               ^^^^^^^^^^^^^^^^^^^^^
  File "C:\Users\emine\OneDrive\Documents\tigray_repo\env\Lib\site-packages\django\core\handlers\base.py", line 197, in _get_response
    response = wrapped_callback(request, *callback_args, **callback_kwargs)
               ^^^^^^^^^^^^^^^^^^^^^^^^^^^^^^^^^^^^^^^^^^^^^^^^^^^^^^^^^^^^
  File "C:\Users\emine\OneDrive\Documents\tigray_repo\env\Lib\site-packages\django\views\generic\base.py", line 104, in view
    return self.dispatch(request, *args, **kwargs)
           ^^^^^^^^^^^^^^^^^^^^^^^^^^^^^^^^^^^^^^^
  File "C:\Users\emine\OneDrive\Documents\tigray_repo\env\Lib\site-packages\django\views\generic\base.py", line 143, in dispatch
    return handler(request, *args, **kwargs)
           ^^^^^^^^^^^^^^^^^^^^^^^^^^^^^^^^^
  File "C:\Users\emine\OneDrive\Documents\tigray_repo\tigray_data_repo\App\views.py", line 161, in get
    return HttpResponse(render_to_string(self.partial_template_name, context, request=request))
                        ^^^^^^^^^^^^^^^^^^^^^^^^^^^^^^^^^^^^^^^^^^^^^^^^^^^^^^^^^^^^^^^^^^^^^^
  File "C:\Users\emine\OneDrive\Documents\tigray_repo\env\Lib\site-packages\django\template\loader.py", line 61, in render_to_string
    template = get_template(template_name, using=using)
               ^^^^^^^^^^^^^^^^^^^^^^^^^^^^^^^^^^^^^^^^
  File "C:\Users\emine\OneDrive\Documents\tigray_repo\env\Lib\site-packages\django\template\loader.py", line 15, in get_template
    return engine.get_template(template_name)
           ^^^^^^^^^^^^^^^^^^^^^^^^^^^^^^^^^^
  File "C:\Users\emine\OneDrive\Documents\tigray_repo\env\Lib\site-packages\django\template\backends\django.py", line 79, in get_template
    return Template(self.engine.get_template(template_name), self)
                    ^^^^^^^^^^^^^^^^^^^^^^^^^^^^^^^^^^^^^^^
  File "C:\Users\emine\OneDrive\Documents\tigray_repo\env\Lib\site-packages\django\template\engine.py", line 177, in get_template
    template, origin = self.find_template(template_name)
                       ^^^^^^^^^^^^^^^^^^^^^^^^^^^^^^^^^
  File "C:\Users\emine\OneDrive\Documents\tigray_repo\env\Lib\site-packages\django\template\engine.py", line 159, in find_template
    template = loader.get_template(name, skip=skip)
               ^^^^^^^^^^^^^^^^^^^^^^^^^^^^^^^^^^^^
  File "C:\Users\emine\OneDrive\Documents\tigray_repo\env\Lib\site-packages\django\template\loaders\cached.py", line 57, in get_template
    template = super().get_template(template_name, skip)
               ^^^^^^^^^^^^^^^^^^^^^^^^^^^^^^^^^^^^^^^^^
  File "C:\Users\emine\OneDrive\Documents\tigray_repo\env\Lib\site-packages\django\template\loaders\base.py", line 28, in get_template
    return Template(
           ^^^^^^^^^
  File "C:\Users\emine\OneDrive\Documents\tigray_repo\env\Lib\site-packages\django\template\base.py", line 154, in __init__
    self.nodelist = self.compile_nodelist()
                    ^^^^^^^^^^^^^^^^^^^^^^^
  File "C:\Users\emine\OneDrive\Documents\tigray_repo\env\Lib\site-packages\django\template\base.py", line 196, in compile_nodelist
    nodelist = parser.parse()
               ^^^^^^^^^^^^^^
  File "C:\Users\emine\OneDrive\Documents\tigray_repo\env\Lib\site-packages\django\template\base.py", line 518, in parse
    raise self.error(token, e)
  File "C:\Users\emine\OneDrive\Documents\tigray_repo\env\Lib\site-packages\django\template\base.py", line 516, in parse
    compiled_result = compile_func(self, token)
                      ^^^^^^^^^^^^^^^^^^^^^^^^^
  File "C:\Users\emine\OneDrive\Documents\tigray_repo\env\Lib\site-packages\django\template\defaulttags.py", line 862, in do_for
    nodelist_loop = parser.parse(
                    ^^^^^^^^^^^^^
  File "C:\Users\emine\OneDrive\Documents\tigray_repo\env\Lib\site-packages\django\template\base.py", line 489, in parse
    raise self.error(token, e)
  File "C:\Users\emine\OneDrive\Documents\tigray_repo\env\Lib\site-packages\django\template\base.py", line 487, in parse
    filter_expression = self.compile_filter(token.contents)
                        ^^^^^^^^^^^^^^^^^^^^^^^^^^^^^^^^^^^
  File "C:\Users\emine\OneDrive\Documents\tigray_repo\env\Lib\site-packages\django\template\base.py", line 605, in compile_filter
    return FilterExpression(token, self)
           ^^^^^^^^^^^^^^^^^^^^^^^^^^^^^
  File "C:\Users\emine\OneDrive\Documents\tigray_repo\env\Lib\site-packages\django\template\base.py", line 701, in __init__
    filter_func = parser.find_filter(filter_name)
                  ^^^^^^^^^^^^^^^^^^^^^^^^^^^^^^^
  File "C:\Users\emine\OneDrive\Documents\tigray_repo\env\Lib\site-packages\django\template\base.py", line 611, in find_filter
    raise TemplateSyntaxError("Invalid filter: '%s'" % filter_name)
django.template.exceptions.TemplateSyntaxError: Invalid filter: 'read_more_content'
2025-03-16 14:20:20,618 - ERROR - Internal Server Error: /blog/
Traceback (most recent call last):
  File "C:\Users\emine\OneDrive\Documents\tigray_repo\env\Lib\site-packages\django\core\handlers\exception.py", line 55, in inner
    response = get_response(request)
               ^^^^^^^^^^^^^^^^^^^^^
  File "C:\Users\emine\OneDrive\Documents\tigray_repo\env\Lib\site-packages\django\core\handlers\base.py", line 197, in _get_response
    response = wrapped_callback(request, *callback_args, **callback_kwargs)
               ^^^^^^^^^^^^^^^^^^^^^^^^^^^^^^^^^^^^^^^^^^^^^^^^^^^^^^^^^^^^
  File "C:\Users\emine\OneDrive\Documents\tigray_repo\env\Lib\site-packages\django\views\generic\base.py", line 104, in view
    return self.dispatch(request, *args, **kwargs)
           ^^^^^^^^^^^^^^^^^^^^^^^^^^^^^^^^^^^^^^^
  File "C:\Users\emine\OneDrive\Documents\tigray_repo\env\Lib\site-packages\django\views\generic\base.py", line 143, in dispatch
    return handler(request, *args, **kwargs)
           ^^^^^^^^^^^^^^^^^^^^^^^^^^^^^^^^^
  File "C:\Users\emine\OneDrive\Documents\tigray_repo\tigray_data_repo\App\views.py", line 161, in get
    return HttpResponse(render_to_string(self.partial_template_name, context, request=request))
                        ^^^^^^^^^^^^^^^^^^^^^^^^^^^^^^^^^^^^^^^^^^^^^^^^^^^^^^^^^^^^^^^^^^^^^^
  File "C:\Users\emine\OneDrive\Documents\tigray_repo\env\Lib\site-packages\django\template\loader.py", line 61, in render_to_string
    template = get_template(template_name, using=using)
               ^^^^^^^^^^^^^^^^^^^^^^^^^^^^^^^^^^^^^^^^
  File "C:\Users\emine\OneDrive\Documents\tigray_repo\env\Lib\site-packages\django\template\loader.py", line 15, in get_template
    return engine.get_template(template_name)
           ^^^^^^^^^^^^^^^^^^^^^^^^^^^^^^^^^^
  File "C:\Users\emine\OneDrive\Documents\tigray_repo\env\Lib\site-packages\django\template\backends\django.py", line 79, in get_template
    return Template(self.engine.get_template(template_name), self)
                    ^^^^^^^^^^^^^^^^^^^^^^^^^^^^^^^^^^^^^^^
  File "C:\Users\emine\OneDrive\Documents\tigray_repo\env\Lib\site-packages\django\template\engine.py", line 177, in get_template
    template, origin = self.find_template(template_name)
                       ^^^^^^^^^^^^^^^^^^^^^^^^^^^^^^^^^
  File "C:\Users\emine\OneDrive\Documents\tigray_repo\env\Lib\site-packages\django\template\engine.py", line 159, in find_template
    template = loader.get_template(name, skip=skip)
               ^^^^^^^^^^^^^^^^^^^^^^^^^^^^^^^^^^^^
  File "C:\Users\emine\OneDrive\Documents\tigray_repo\env\Lib\site-packages\django\template\loaders\cached.py", line 57, in get_template
    template = super().get_template(template_name, skip)
               ^^^^^^^^^^^^^^^^^^^^^^^^^^^^^^^^^^^^^^^^^
  File "C:\Users\emine\OneDrive\Documents\tigray_repo\env\Lib\site-packages\django\template\loaders\base.py", line 28, in get_template
    return Template(
           ^^^^^^^^^
  File "C:\Users\emine\OneDrive\Documents\tigray_repo\env\Lib\site-packages\django\template\base.py", line 154, in __init__
    self.nodelist = self.compile_nodelist()
                    ^^^^^^^^^^^^^^^^^^^^^^^
  File "C:\Users\emine\OneDrive\Documents\tigray_repo\env\Lib\site-packages\django\template\base.py", line 196, in compile_nodelist
    nodelist = parser.parse()
               ^^^^^^^^^^^^^^
  File "C:\Users\emine\OneDrive\Documents\tigray_repo\env\Lib\site-packages\django\template\base.py", line 518, in parse
    raise self.error(token, e)
  File "C:\Users\emine\OneDrive\Documents\tigray_repo\env\Lib\site-packages\django\template\base.py", line 516, in parse
    compiled_result = compile_func(self, token)
                      ^^^^^^^^^^^^^^^^^^^^^^^^^
  File "C:\Users\emine\OneDrive\Documents\tigray_repo\env\Lib\site-packages\django\template\defaulttags.py", line 862, in do_for
    nodelist_loop = parser.parse(
                    ^^^^^^^^^^^^^
  File "C:\Users\emine\OneDrive\Documents\tigray_repo\env\Lib\site-packages\django\template\base.py", line 489, in parse
    raise self.error(token, e)
  File "C:\Users\emine\OneDrive\Documents\tigray_repo\env\Lib\site-packages\django\template\base.py", line 487, in parse
    filter_expression = self.compile_filter(token.contents)
                        ^^^^^^^^^^^^^^^^^^^^^^^^^^^^^^^^^^^
  File "C:\Users\emine\OneDrive\Documents\tigray_repo\env\Lib\site-packages\django\template\base.py", line 605, in compile_filter
    return FilterExpression(token, self)
           ^^^^^^^^^^^^^^^^^^^^^^^^^^^^^
  File "C:\Users\emine\OneDrive\Documents\tigray_repo\env\Lib\site-packages\django\template\base.py", line 701, in __init__
    filter_func = parser.find_filter(filter_name)
                  ^^^^^^^^^^^^^^^^^^^^^^^^^^^^^^^
  File "C:\Users\emine\OneDrive\Documents\tigray_repo\env\Lib\site-packages\django\template\base.py", line 611, in find_filter
    raise TemplateSyntaxError("Invalid filter: '%s'" % filter_name)
django.template.exceptions.TemplateSyntaxError: Invalid filter: 'read_more_content'
2025-03-16 14:20:29,589 - ERROR - Internal Server Error: /blog/
Traceback (most recent call last):
  File "C:\Users\emine\OneDrive\Documents\tigray_repo\env\Lib\site-packages\django\core\handlers\exception.py", line 55, in inner
    response = get_response(request)
               ^^^^^^^^^^^^^^^^^^^^^
  File "C:\Users\emine\OneDrive\Documents\tigray_repo\env\Lib\site-packages\django\core\handlers\base.py", line 197, in _get_response
    response = wrapped_callback(request, *callback_args, **callback_kwargs)
               ^^^^^^^^^^^^^^^^^^^^^^^^^^^^^^^^^^^^^^^^^^^^^^^^^^^^^^^^^^^^
  File "C:\Users\emine\OneDrive\Documents\tigray_repo\env\Lib\site-packages\django\views\generic\base.py", line 104, in view
    return self.dispatch(request, *args, **kwargs)
           ^^^^^^^^^^^^^^^^^^^^^^^^^^^^^^^^^^^^^^^
  File "C:\Users\emine\OneDrive\Documents\tigray_repo\env\Lib\site-packages\django\views\generic\base.py", line 143, in dispatch
    return handler(request, *args, **kwargs)
           ^^^^^^^^^^^^^^^^^^^^^^^^^^^^^^^^^
  File "C:\Users\emine\OneDrive\Documents\tigray_repo\tigray_data_repo\App\views.py", line 161, in get
    return HttpResponse(render_to_string(self.partial_template_name, context, request=request))
                        ^^^^^^^^^^^^^^^^^^^^^^^^^^^^^^^^^^^^^^^^^^^^^^^^^^^^^^^^^^^^^^^^^^^^^^
  File "C:\Users\emine\OneDrive\Documents\tigray_repo\env\Lib\site-packages\django\template\loader.py", line 61, in render_to_string
    template = get_template(template_name, using=using)
               ^^^^^^^^^^^^^^^^^^^^^^^^^^^^^^^^^^^^^^^^
  File "C:\Users\emine\OneDrive\Documents\tigray_repo\env\Lib\site-packages\django\template\loader.py", line 15, in get_template
    return engine.get_template(template_name)
           ^^^^^^^^^^^^^^^^^^^^^^^^^^^^^^^^^^
  File "C:\Users\emine\OneDrive\Documents\tigray_repo\env\Lib\site-packages\django\template\backends\django.py", line 79, in get_template
    return Template(self.engine.get_template(template_name), self)
                    ^^^^^^^^^^^^^^^^^^^^^^^^^^^^^^^^^^^^^^^
  File "C:\Users\emine\OneDrive\Documents\tigray_repo\env\Lib\site-packages\django\template\engine.py", line 177, in get_template
    template, origin = self.find_template(template_name)
                       ^^^^^^^^^^^^^^^^^^^^^^^^^^^^^^^^^
  File "C:\Users\emine\OneDrive\Documents\tigray_repo\env\Lib\site-packages\django\template\engine.py", line 159, in find_template
    template = loader.get_template(name, skip=skip)
               ^^^^^^^^^^^^^^^^^^^^^^^^^^^^^^^^^^^^
  File "C:\Users\emine\OneDrive\Documents\tigray_repo\env\Lib\site-packages\django\template\loaders\cached.py", line 57, in get_template
    template = super().get_template(template_name, skip)
               ^^^^^^^^^^^^^^^^^^^^^^^^^^^^^^^^^^^^^^^^^
  File "C:\Users\emine\OneDrive\Documents\tigray_repo\env\Lib\site-packages\django\template\loaders\base.py", line 28, in get_template
    return Template(
           ^^^^^^^^^
  File "C:\Users\emine\OneDrive\Documents\tigray_repo\env\Lib\site-packages\django\template\base.py", line 154, in __init__
    self.nodelist = self.compile_nodelist()
                    ^^^^^^^^^^^^^^^^^^^^^^^
  File "C:\Users\emine\OneDrive\Documents\tigray_repo\env\Lib\site-packages\django\template\base.py", line 196, in compile_nodelist
    nodelist = parser.parse()
               ^^^^^^^^^^^^^^
  File "C:\Users\emine\OneDrive\Documents\tigray_repo\env\Lib\site-packages\django\template\base.py", line 518, in parse
    raise self.error(token, e)
  File "C:\Users\emine\OneDrive\Documents\tigray_repo\env\Lib\site-packages\django\template\base.py", line 516, in parse
    compiled_result = compile_func(self, token)
                      ^^^^^^^^^^^^^^^^^^^^^^^^^
  File "C:\Users\emine\OneDrive\Documents\tigray_repo\env\Lib\site-packages\django\template\defaulttags.py", line 862, in do_for
    nodelist_loop = parser.parse(
                    ^^^^^^^^^^^^^
  File "C:\Users\emine\OneDrive\Documents\tigray_repo\env\Lib\site-packages\django\template\base.py", line 489, in parse
    raise self.error(token, e)
  File "C:\Users\emine\OneDrive\Documents\tigray_repo\env\Lib\site-packages\django\template\base.py", line 487, in parse
    filter_expression = self.compile_filter(token.contents)
                        ^^^^^^^^^^^^^^^^^^^^^^^^^^^^^^^^^^^
  File "C:\Users\emine\OneDrive\Documents\tigray_repo\env\Lib\site-packages\django\template\base.py", line 605, in compile_filter
    return FilterExpression(token, self)
           ^^^^^^^^^^^^^^^^^^^^^^^^^^^^^
  File "C:\Users\emine\OneDrive\Documents\tigray_repo\env\Lib\site-packages\django\template\base.py", line 701, in __init__
    filter_func = parser.find_filter(filter_name)
                  ^^^^^^^^^^^^^^^^^^^^^^^^^^^^^^^
  File "C:\Users\emine\OneDrive\Documents\tigray_repo\env\Lib\site-packages\django\template\base.py", line 611, in find_filter
    raise TemplateSyntaxError("Invalid filter: '%s'" % filter_name)
django.template.exceptions.TemplateSyntaxError: Invalid filter: 'read_more_content'
2025-03-16 14:20:47,811 - ERROR - Internal Server Error: /blog/
Traceback (most recent call last):
  File "C:\Users\emine\OneDrive\Documents\tigray_repo\env\Lib\site-packages\django\core\handlers\exception.py", line 55, in inner
    response = get_response(request)
               ^^^^^^^^^^^^^^^^^^^^^
  File "C:\Users\emine\OneDrive\Documents\tigray_repo\env\Lib\site-packages\django\core\handlers\base.py", line 197, in _get_response
    response = wrapped_callback(request, *callback_args, **callback_kwargs)
               ^^^^^^^^^^^^^^^^^^^^^^^^^^^^^^^^^^^^^^^^^^^^^^^^^^^^^^^^^^^^
  File "C:\Users\emine\OneDrive\Documents\tigray_repo\env\Lib\site-packages\django\views\generic\base.py", line 104, in view
    return self.dispatch(request, *args, **kwargs)
           ^^^^^^^^^^^^^^^^^^^^^^^^^^^^^^^^^^^^^^^
  File "C:\Users\emine\OneDrive\Documents\tigray_repo\env\Lib\site-packages\django\views\generic\base.py", line 143, in dispatch
    return handler(request, *args, **kwargs)
           ^^^^^^^^^^^^^^^^^^^^^^^^^^^^^^^^^
  File "C:\Users\emine\OneDrive\Documents\tigray_repo\tigray_data_repo\App\views.py", line 161, in get
    return HttpResponse(render_to_string(self.partial_template_name, context, request=request))
                        ^^^^^^^^^^^^^^^^^^^^^^^^^^^^^^^^^^^^^^^^^^^^^^^^^^^^^^^^^^^^^^^^^^^^^^
  File "C:\Users\emine\OneDrive\Documents\tigray_repo\env\Lib\site-packages\django\template\loader.py", line 61, in render_to_string
    template = get_template(template_name, using=using)
               ^^^^^^^^^^^^^^^^^^^^^^^^^^^^^^^^^^^^^^^^
  File "C:\Users\emine\OneDrive\Documents\tigray_repo\env\Lib\site-packages\django\template\loader.py", line 15, in get_template
    return engine.get_template(template_name)
           ^^^^^^^^^^^^^^^^^^^^^^^^^^^^^^^^^^
  File "C:\Users\emine\OneDrive\Documents\tigray_repo\env\Lib\site-packages\django\template\backends\django.py", line 79, in get_template
    return Template(self.engine.get_template(template_name), self)
                    ^^^^^^^^^^^^^^^^^^^^^^^^^^^^^^^^^^^^^^^
  File "C:\Users\emine\OneDrive\Documents\tigray_repo\env\Lib\site-packages\django\template\engine.py", line 177, in get_template
    template, origin = self.find_template(template_name)
                       ^^^^^^^^^^^^^^^^^^^^^^^^^^^^^^^^^
  File "C:\Users\emine\OneDrive\Documents\tigray_repo\env\Lib\site-packages\django\template\engine.py", line 159, in find_template
    template = loader.get_template(name, skip=skip)
               ^^^^^^^^^^^^^^^^^^^^^^^^^^^^^^^^^^^^
  File "C:\Users\emine\OneDrive\Documents\tigray_repo\env\Lib\site-packages\django\template\loaders\cached.py", line 57, in get_template
    template = super().get_template(template_name, skip)
               ^^^^^^^^^^^^^^^^^^^^^^^^^^^^^^^^^^^^^^^^^
  File "C:\Users\emine\OneDrive\Documents\tigray_repo\env\Lib\site-packages\django\template\loaders\base.py", line 28, in get_template
    return Template(
           ^^^^^^^^^
  File "C:\Users\emine\OneDrive\Documents\tigray_repo\env\Lib\site-packages\django\template\base.py", line 154, in __init__
    self.nodelist = self.compile_nodelist()
                    ^^^^^^^^^^^^^^^^^^^^^^^
  File "C:\Users\emine\OneDrive\Documents\tigray_repo\env\Lib\site-packages\django\template\base.py", line 196, in compile_nodelist
    nodelist = parser.parse()
               ^^^^^^^^^^^^^^
  File "C:\Users\emine\OneDrive\Documents\tigray_repo\env\Lib\site-packages\django\template\base.py", line 518, in parse
    raise self.error(token, e)
  File "C:\Users\emine\OneDrive\Documents\tigray_repo\env\Lib\site-packages\django\template\base.py", line 516, in parse
    compiled_result = compile_func(self, token)
                      ^^^^^^^^^^^^^^^^^^^^^^^^^
  File "C:\Users\emine\OneDrive\Documents\tigray_repo\env\Lib\site-packages\django\template\defaulttags.py", line 862, in do_for
    nodelist_loop = parser.parse(
                    ^^^^^^^^^^^^^
  File "C:\Users\emine\OneDrive\Documents\tigray_repo\env\Lib\site-packages\django\template\base.py", line 489, in parse
    raise self.error(token, e)
  File "C:\Users\emine\OneDrive\Documents\tigray_repo\env\Lib\site-packages\django\template\base.py", line 487, in parse
    filter_expression = self.compile_filter(token.contents)
                        ^^^^^^^^^^^^^^^^^^^^^^^^^^^^^^^^^^^
  File "C:\Users\emine\OneDrive\Documents\tigray_repo\env\Lib\site-packages\django\template\base.py", line 605, in compile_filter
    return FilterExpression(token, self)
           ^^^^^^^^^^^^^^^^^^^^^^^^^^^^^
  File "C:\Users\emine\OneDrive\Documents\tigray_repo\env\Lib\site-packages\django\template\base.py", line 701, in __init__
    filter_func = parser.find_filter(filter_name)
                  ^^^^^^^^^^^^^^^^^^^^^^^^^^^^^^^
  File "C:\Users\emine\OneDrive\Documents\tigray_repo\env\Lib\site-packages\django\template\base.py", line 611, in find_filter
    raise TemplateSyntaxError("Invalid filter: '%s'" % filter_name)
django.template.exceptions.TemplateSyntaxError: Invalid filter: 'read_more_content'
2025-03-16 14:22:09,044 - ERROR - Internal Server Error: /blog/
Traceback (most recent call last):
  File "C:\Users\emine\OneDrive\Documents\tigray_repo\env\Lib\site-packages\django\core\handlers\exception.py", line 55, in inner
    response = get_response(request)
               ^^^^^^^^^^^^^^^^^^^^^
  File "C:\Users\emine\OneDrive\Documents\tigray_repo\env\Lib\site-packages\django\core\handlers\base.py", line 197, in _get_response
    response = wrapped_callback(request, *callback_args, **callback_kwargs)
               ^^^^^^^^^^^^^^^^^^^^^^^^^^^^^^^^^^^^^^^^^^^^^^^^^^^^^^^^^^^^
  File "C:\Users\emine\OneDrive\Documents\tigray_repo\env\Lib\site-packages\django\views\generic\base.py", line 104, in view
    return self.dispatch(request, *args, **kwargs)
           ^^^^^^^^^^^^^^^^^^^^^^^^^^^^^^^^^^^^^^^
  File "C:\Users\emine\OneDrive\Documents\tigray_repo\env\Lib\site-packages\django\views\generic\base.py", line 143, in dispatch
    return handler(request, *args, **kwargs)
           ^^^^^^^^^^^^^^^^^^^^^^^^^^^^^^^^^
  File "C:\Users\emine\OneDrive\Documents\tigray_repo\tigray_data_repo\App\views.py", line 161, in get
    return HttpResponse(render_to_string(self.partial_template_name, context, request=request))
                        ^^^^^^^^^^^^^^^^^^^^^^^^^^^^^^^^^^^^^^^^^^^^^^^^^^^^^^^^^^^^^^^^^^^^^^
  File "C:\Users\emine\OneDrive\Documents\tigray_repo\env\Lib\site-packages\django\template\loader.py", line 61, in render_to_string
    template = get_template(template_name, using=using)
               ^^^^^^^^^^^^^^^^^^^^^^^^^^^^^^^^^^^^^^^^
  File "C:\Users\emine\OneDrive\Documents\tigray_repo\env\Lib\site-packages\django\template\loader.py", line 15, in get_template
    return engine.get_template(template_name)
           ^^^^^^^^^^^^^^^^^^^^^^^^^^^^^^^^^^
  File "C:\Users\emine\OneDrive\Documents\tigray_repo\env\Lib\site-packages\django\template\backends\django.py", line 79, in get_template
    return Template(self.engine.get_template(template_name), self)
                    ^^^^^^^^^^^^^^^^^^^^^^^^^^^^^^^^^^^^^^^
  File "C:\Users\emine\OneDrive\Documents\tigray_repo\env\Lib\site-packages\django\template\engine.py", line 177, in get_template
    template, origin = self.find_template(template_name)
                       ^^^^^^^^^^^^^^^^^^^^^^^^^^^^^^^^^
  File "C:\Users\emine\OneDrive\Documents\tigray_repo\env\Lib\site-packages\django\template\engine.py", line 159, in find_template
    template = loader.get_template(name, skip=skip)
               ^^^^^^^^^^^^^^^^^^^^^^^^^^^^^^^^^^^^
  File "C:\Users\emine\OneDrive\Documents\tigray_repo\env\Lib\site-packages\django\template\loaders\cached.py", line 57, in get_template
    template = super().get_template(template_name, skip)
               ^^^^^^^^^^^^^^^^^^^^^^^^^^^^^^^^^^^^^^^^^
  File "C:\Users\emine\OneDrive\Documents\tigray_repo\env\Lib\site-packages\django\template\loaders\base.py", line 28, in get_template
    return Template(
           ^^^^^^^^^
  File "C:\Users\emine\OneDrive\Documents\tigray_repo\env\Lib\site-packages\django\template\base.py", line 154, in __init__
    self.nodelist = self.compile_nodelist()
                    ^^^^^^^^^^^^^^^^^^^^^^^
  File "C:\Users\emine\OneDrive\Documents\tigray_repo\env\Lib\site-packages\django\template\base.py", line 196, in compile_nodelist
    nodelist = parser.parse()
               ^^^^^^^^^^^^^^
  File "C:\Users\emine\OneDrive\Documents\tigray_repo\env\Lib\site-packages\django\template\base.py", line 518, in parse
    raise self.error(token, e)
  File "C:\Users\emine\OneDrive\Documents\tigray_repo\env\Lib\site-packages\django\template\base.py", line 516, in parse
    compiled_result = compile_func(self, token)
                      ^^^^^^^^^^^^^^^^^^^^^^^^^
  File "C:\Users\emine\OneDrive\Documents\tigray_repo\env\Lib\site-packages\django\template\defaulttags.py", line 862, in do_for
    nodelist_loop = parser.parse(
                    ^^^^^^^^^^^^^
  File "C:\Users\emine\OneDrive\Documents\tigray_repo\env\Lib\site-packages\django\template\base.py", line 489, in parse
    raise self.error(token, e)
  File "C:\Users\emine\OneDrive\Documents\tigray_repo\env\Lib\site-packages\django\template\base.py", line 487, in parse
    filter_expression = self.compile_filter(token.contents)
                        ^^^^^^^^^^^^^^^^^^^^^^^^^^^^^^^^^^^
  File "C:\Users\emine\OneDrive\Documents\tigray_repo\env\Lib\site-packages\django\template\base.py", line 605, in compile_filter
    return FilterExpression(token, self)
           ^^^^^^^^^^^^^^^^^^^^^^^^^^^^^
  File "C:\Users\emine\OneDrive\Documents\tigray_repo\env\Lib\site-packages\django\template\base.py", line 701, in __init__
    filter_func = parser.find_filter(filter_name)
                  ^^^^^^^^^^^^^^^^^^^^^^^^^^^^^^^
  File "C:\Users\emine\OneDrive\Documents\tigray_repo\env\Lib\site-packages\django\template\base.py", line 611, in find_filter
    raise TemplateSyntaxError("Invalid filter: '%s'" % filter_name)
django.template.exceptions.TemplateSyntaxError: Invalid filter: 'read_more_content'
2025-03-16 14:22:10,393 - ERROR - Internal Server Error: /blog/
Traceback (most recent call last):
  File "C:\Users\emine\OneDrive\Documents\tigray_repo\env\Lib\site-packages\django\core\handlers\exception.py", line 55, in inner
    response = get_response(request)
               ^^^^^^^^^^^^^^^^^^^^^
  File "C:\Users\emine\OneDrive\Documents\tigray_repo\env\Lib\site-packages\django\core\handlers\base.py", line 197, in _get_response
    response = wrapped_callback(request, *callback_args, **callback_kwargs)
               ^^^^^^^^^^^^^^^^^^^^^^^^^^^^^^^^^^^^^^^^^^^^^^^^^^^^^^^^^^^^
  File "C:\Users\emine\OneDrive\Documents\tigray_repo\env\Lib\site-packages\django\views\generic\base.py", line 104, in view
    return self.dispatch(request, *args, **kwargs)
           ^^^^^^^^^^^^^^^^^^^^^^^^^^^^^^^^^^^^^^^
  File "C:\Users\emine\OneDrive\Documents\tigray_repo\env\Lib\site-packages\django\views\generic\base.py", line 143, in dispatch
    return handler(request, *args, **kwargs)
           ^^^^^^^^^^^^^^^^^^^^^^^^^^^^^^^^^
  File "C:\Users\emine\OneDrive\Documents\tigray_repo\tigray_data_repo\App\views.py", line 161, in get
    return HttpResponse(render_to_string(self.partial_template_name, context, request=request))
                        ^^^^^^^^^^^^^^^^^^^^^^^^^^^^^^^^^^^^^^^^^^^^^^^^^^^^^^^^^^^^^^^^^^^^^^
  File "C:\Users\emine\OneDrive\Documents\tigray_repo\env\Lib\site-packages\django\template\loader.py", line 61, in render_to_string
    template = get_template(template_name, using=using)
               ^^^^^^^^^^^^^^^^^^^^^^^^^^^^^^^^^^^^^^^^
  File "C:\Users\emine\OneDrive\Documents\tigray_repo\env\Lib\site-packages\django\template\loader.py", line 15, in get_template
    return engine.get_template(template_name)
           ^^^^^^^^^^^^^^^^^^^^^^^^^^^^^^^^^^
  File "C:\Users\emine\OneDrive\Documents\tigray_repo\env\Lib\site-packages\django\template\backends\django.py", line 79, in get_template
    return Template(self.engine.get_template(template_name), self)
                    ^^^^^^^^^^^^^^^^^^^^^^^^^^^^^^^^^^^^^^^
  File "C:\Users\emine\OneDrive\Documents\tigray_repo\env\Lib\site-packages\django\template\engine.py", line 177, in get_template
    template, origin = self.find_template(template_name)
                       ^^^^^^^^^^^^^^^^^^^^^^^^^^^^^^^^^
  File "C:\Users\emine\OneDrive\Documents\tigray_repo\env\Lib\site-packages\django\template\engine.py", line 159, in find_template
    template = loader.get_template(name, skip=skip)
               ^^^^^^^^^^^^^^^^^^^^^^^^^^^^^^^^^^^^
  File "C:\Users\emine\OneDrive\Documents\tigray_repo\env\Lib\site-packages\django\template\loaders\cached.py", line 57, in get_template
    template = super().get_template(template_name, skip)
               ^^^^^^^^^^^^^^^^^^^^^^^^^^^^^^^^^^^^^^^^^
  File "C:\Users\emine\OneDrive\Documents\tigray_repo\env\Lib\site-packages\django\template\loaders\base.py", line 28, in get_template
    return Template(
           ^^^^^^^^^
  File "C:\Users\emine\OneDrive\Documents\tigray_repo\env\Lib\site-packages\django\template\base.py", line 154, in __init__
    self.nodelist = self.compile_nodelist()
                    ^^^^^^^^^^^^^^^^^^^^^^^
  File "C:\Users\emine\OneDrive\Documents\tigray_repo\env\Lib\site-packages\django\template\base.py", line 196, in compile_nodelist
    nodelist = parser.parse()
               ^^^^^^^^^^^^^^
  File "C:\Users\emine\OneDrive\Documents\tigray_repo\env\Lib\site-packages\django\template\base.py", line 518, in parse
    raise self.error(token, e)
  File "C:\Users\emine\OneDrive\Documents\tigray_repo\env\Lib\site-packages\django\template\base.py", line 516, in parse
    compiled_result = compile_func(self, token)
                      ^^^^^^^^^^^^^^^^^^^^^^^^^
  File "C:\Users\emine\OneDrive\Documents\tigray_repo\env\Lib\site-packages\django\template\defaulttags.py", line 862, in do_for
    nodelist_loop = parser.parse(
                    ^^^^^^^^^^^^^
  File "C:\Users\emine\OneDrive\Documents\tigray_repo\env\Lib\site-packages\django\template\base.py", line 489, in parse
    raise self.error(token, e)
  File "C:\Users\emine\OneDrive\Documents\tigray_repo\env\Lib\site-packages\django\template\base.py", line 487, in parse
    filter_expression = self.compile_filter(token.contents)
                        ^^^^^^^^^^^^^^^^^^^^^^^^^^^^^^^^^^^
  File "C:\Users\emine\OneDrive\Documents\tigray_repo\env\Lib\site-packages\django\template\base.py", line 605, in compile_filter
    return FilterExpression(token, self)
           ^^^^^^^^^^^^^^^^^^^^^^^^^^^^^
  File "C:\Users\emine\OneDrive\Documents\tigray_repo\env\Lib\site-packages\django\template\base.py", line 701, in __init__
    filter_func = parser.find_filter(filter_name)
                  ^^^^^^^^^^^^^^^^^^^^^^^^^^^^^^^
  File "C:\Users\emine\OneDrive\Documents\tigray_repo\env\Lib\site-packages\django\template\base.py", line 611, in find_filter
    raise TemplateSyntaxError("Invalid filter: '%s'" % filter_name)
django.template.exceptions.TemplateSyntaxError: Invalid filter: 'read_more_content'
2025-03-16 14:27:34,785 - INFO - C:\Users\emine\OneDrive\Documents\tigray_repo\tigray_data_repo\App\views.py changed, reloading.
2025-03-16 14:27:46,574 - INFO - C:\Users\emine\OneDrive\Documents\tigray_repo\tigray_data_repo\App\views.py changed, reloading.
2025-03-16 14:27:57,821 - INFO - C:\Users\emine\OneDrive\Documents\tigray_repo\tigray_data_repo\App\views.py changed, reloading.
2025-03-16 14:31:44,004 - INFO - C:\Users\emine\OneDrive\Documents\tigray_repo\tigray_data_repo\App\views.py changed, reloading.
2025-03-16 14:46:09,679 - INFO - C:\Users\emine\OneDrive\Documents\tigray_repo\tigray_data_repo\App\views.py changed, reloading.
2025-03-16 15:27:43,162 - INFO - C:\Users\emine\OneDrive\Documents\tigray_repo\tigray_data_repo\App\views.py changed, reloading.
2025-03-16 15:28:47,552 - ERROR - Internal Server Error: /initiatives/
Traceback (most recent call last):
  File "C:\Users\emine\OneDrive\Documents\tigray_repo\env\Lib\site-packages\django\template\backends\django.py", line 107, in render
    return self.template.render(context)
           ^^^^^^^^^^^^^^^^^^^^^^^^^^^^^
  File "C:\Users\emine\OneDrive\Documents\tigray_repo\env\Lib\site-packages\django\template\base.py", line 171, in render
    return self._render(context)
           ^^^^^^^^^^^^^^^^^^^^^
  File "C:\Users\emine\OneDrive\Documents\tigray_repo\env\Lib\site-packages\django\template\base.py", line 163, in _render
    return self.nodelist.render(context)
           ^^^^^^^^^^^^^^^^^^^^^^^^^^^^^
  File "C:\Users\emine\OneDrive\Documents\tigray_repo\env\Lib\site-packages\django\template\base.py", line 1008, in render
    return SafeString("".join([node.render_annotated(context) for node in self]))
                               ^^^^^^^^^^^^^^^^^^^^^^^^^^^^^^
  File "C:\Users\emine\OneDrive\Documents\tigray_repo\env\Lib\site-packages\django\template\base.py", line 969, in render_annotated
    return self.render(context)
           ^^^^^^^^^^^^^^^^^^^^
  File "C:\Users\emine\OneDrive\Documents\tigray_repo\env\Lib\site-packages\django\template\loader_tags.py", line 159, in render
    return compiled_parent._render(context)
           ^^^^^^^^^^^^^^^^^^^^^^^^^^^^^^^^
  File "C:\Users\emine\OneDrive\Documents\tigray_repo\env\Lib\site-packages\django\template\base.py", line 163, in _render
    return self.nodelist.render(context)
           ^^^^^^^^^^^^^^^^^^^^^^^^^^^^^
  File "C:\Users\emine\OneDrive\Documents\tigray_repo\env\Lib\site-packages\django\template\base.py", line 1008, in render
    return SafeString("".join([node.render_annotated(context) for node in self]))
                               ^^^^^^^^^^^^^^^^^^^^^^^^^^^^^^
  File "C:\Users\emine\OneDrive\Documents\tigray_repo\env\Lib\site-packages\django\template\base.py", line 969, in render_annotated
    return self.render(context)
           ^^^^^^^^^^^^^^^^^^^^
  File "C:\Users\emine\OneDrive\Documents\tigray_repo\env\Lib\site-packages\django\template\loader_tags.py", line 65, in render
    result = block.nodelist.render(context)
             ^^^^^^^^^^^^^^^^^^^^^^^^^^^^^^
  File "C:\Users\emine\OneDrive\Documents\tigray_repo\env\Lib\site-packages\django\template\base.py", line 1008, in render
    return SafeString("".join([node.render_annotated(context) for node in self]))
                               ^^^^^^^^^^^^^^^^^^^^^^^^^^^^^^
  File "C:\Users\emine\OneDrive\Documents\tigray_repo\env\Lib\site-packages\django\template\base.py", line 969, in render_annotated
    return self.render(context)
           ^^^^^^^^^^^^^^^^^^^^
  File "C:\Users\emine\OneDrive\Documents\tigray_repo\env\Lib\site-packages\django\template\loader_tags.py", line 199, in render
    template = context.template.engine.select_template(template_name)
               ^^^^^^^^^^^^^^^^^^^^^^^^^^^^^^^^^^^^^^^^^^^^^^^^^^^^^^
  File "C:\Users\emine\OneDrive\Documents\tigray_repo\env\Lib\site-packages\django\template\engine.py", line 214, in select_template
    raise TemplateDoesNotExist(", ".join(not_found))
django.template.exceptions.TemplateDoesNotExist: intiatives-partial.html

The above exception was the direct cause of the following exception:

Traceback (most recent call last):
  File "C:\Users\emine\OneDrive\Documents\tigray_repo\env\Lib\site-packages\django\core\handlers\exception.py", line 55, in inner
    response = get_response(request)
               ^^^^^^^^^^^^^^^^^^^^^
  File "C:\Users\emine\OneDrive\Documents\tigray_repo\env\Lib\site-packages\django\core\handlers\base.py", line 220, in _get_response
    response = response.render()
               ^^^^^^^^^^^^^^^^^
  File "C:\Users\emine\OneDrive\Documents\tigray_repo\env\Lib\site-packages\django\template\response.py", line 114, in render
    self.content = self.rendered_content
                   ^^^^^^^^^^^^^^^^^^^^^
  File "C:\Users\emine\OneDrive\Documents\tigray_repo\env\Lib\site-packages\django\template\response.py", line 92, in rendered_content
    return template.render(context, self._request)
           ^^^^^^^^^^^^^^^^^^^^^^^^^^^^^^^^^^^^^^^
  File "C:\Users\emine\OneDrive\Documents\tigray_repo\env\Lib\site-packages\django\template\backends\django.py", line 109, in render
    reraise(exc, self.backend)
  File "C:\Users\emine\OneDrive\Documents\tigray_repo\env\Lib\site-packages\django\template\backends\django.py", line 130, in reraise
    raise new from exc
django.template.exceptions.TemplateDoesNotExist: intiatives-partial.html
2025-03-16 15:30:13,849 - ERROR - Internal Server Error: /initiatives/
Traceback (most recent call last):
  File "C:\Users\emine\OneDrive\Documents\tigray_repo\env\Lib\site-packages\django\template\backends\django.py", line 107, in render
    return self.template.render(context)
           ^^^^^^^^^^^^^^^^^^^^^^^^^^^^^
  File "C:\Users\emine\OneDrive\Documents\tigray_repo\env\Lib\site-packages\django\template\base.py", line 171, in render
    return self._render(context)
           ^^^^^^^^^^^^^^^^^^^^^
  File "C:\Users\emine\OneDrive\Documents\tigray_repo\env\Lib\site-packages\django\template\base.py", line 163, in _render
    return self.nodelist.render(context)
           ^^^^^^^^^^^^^^^^^^^^^^^^^^^^^
  File "C:\Users\emine\OneDrive\Documents\tigray_repo\env\Lib\site-packages\django\template\base.py", line 1008, in render
    return SafeString("".join([node.render_annotated(context) for node in self]))
                               ^^^^^^^^^^^^^^^^^^^^^^^^^^^^^^
  File "C:\Users\emine\OneDrive\Documents\tigray_repo\env\Lib\site-packages\django\template\base.py", line 969, in render_annotated
    return self.render(context)
           ^^^^^^^^^^^^^^^^^^^^
  File "C:\Users\emine\OneDrive\Documents\tigray_repo\env\Lib\site-packages\django\template\loader_tags.py", line 159, in render
    return compiled_parent._render(context)
           ^^^^^^^^^^^^^^^^^^^^^^^^^^^^^^^^
  File "C:\Users\emine\OneDrive\Documents\tigray_repo\env\Lib\site-packages\django\template\base.py", line 163, in _render
    return self.nodelist.render(context)
           ^^^^^^^^^^^^^^^^^^^^^^^^^^^^^
  File "C:\Users\emine\OneDrive\Documents\tigray_repo\env\Lib\site-packages\django\template\base.py", line 1008, in render
    return SafeString("".join([node.render_annotated(context) for node in self]))
                               ^^^^^^^^^^^^^^^^^^^^^^^^^^^^^^
  File "C:\Users\emine\OneDrive\Documents\tigray_repo\env\Lib\site-packages\django\template\base.py", line 969, in render_annotated
    return self.render(context)
           ^^^^^^^^^^^^^^^^^^^^
  File "C:\Users\emine\OneDrive\Documents\tigray_repo\env\Lib\site-packages\django\template\loader_tags.py", line 65, in render
    result = block.nodelist.render(context)
             ^^^^^^^^^^^^^^^^^^^^^^^^^^^^^^
  File "C:\Users\emine\OneDrive\Documents\tigray_repo\env\Lib\site-packages\django\template\base.py", line 1008, in render
    return SafeString("".join([node.render_annotated(context) for node in self]))
                               ^^^^^^^^^^^^^^^^^^^^^^^^^^^^^^
  File "C:\Users\emine\OneDrive\Documents\tigray_repo\env\Lib\site-packages\django\template\base.py", line 969, in render_annotated
    return self.render(context)
           ^^^^^^^^^^^^^^^^^^^^
  File "C:\Users\emine\OneDrive\Documents\tigray_repo\env\Lib\site-packages\django\template\loader_tags.py", line 199, in render
    template = context.template.engine.select_template(template_name)
               ^^^^^^^^^^^^^^^^^^^^^^^^^^^^^^^^^^^^^^^^^^^^^^^^^^^^^^
  File "C:\Users\emine\OneDrive\Documents\tigray_repo\env\Lib\site-packages\django\template\engine.py", line 214, in select_template
    raise TemplateDoesNotExist(", ".join(not_found))
django.template.exceptions.TemplateDoesNotExist: intiatives-partial.html

The above exception was the direct cause of the following exception:

Traceback (most recent call last):
  File "C:\Users\emine\OneDrive\Documents\tigray_repo\env\Lib\site-packages\django\core\handlers\exception.py", line 55, in inner
    response = get_response(request)
               ^^^^^^^^^^^^^^^^^^^^^
  File "C:\Users\emine\OneDrive\Documents\tigray_repo\env\Lib\site-packages\django\core\handlers\base.py", line 220, in _get_response
    response = response.render()
               ^^^^^^^^^^^^^^^^^
  File "C:\Users\emine\OneDrive\Documents\tigray_repo\env\Lib\site-packages\django\template\response.py", line 114, in render
    self.content = self.rendered_content
                   ^^^^^^^^^^^^^^^^^^^^^
  File "C:\Users\emine\OneDrive\Documents\tigray_repo\env\Lib\site-packages\django\template\response.py", line 92, in rendered_content
    return template.render(context, self._request)
           ^^^^^^^^^^^^^^^^^^^^^^^^^^^^^^^^^^^^^^^
  File "C:\Users\emine\OneDrive\Documents\tigray_repo\env\Lib\site-packages\django\template\backends\django.py", line 109, in render
    reraise(exc, self.backend)
  File "C:\Users\emine\OneDrive\Documents\tigray_repo\env\Lib\site-packages\django\template\backends\django.py", line 130, in reraise
    raise new from exc
django.template.exceptions.TemplateDoesNotExist: intiatives-partial.html
2025-03-16 15:31:03,321 - ERROR - Internal Server Error: /initiatives/
Traceback (most recent call last):
  File "C:\Users\emine\OneDrive\Documents\tigray_repo\env\Lib\site-packages\django\template\backends\django.py", line 107, in render
    return self.template.render(context)
           ^^^^^^^^^^^^^^^^^^^^^^^^^^^^^
  File "C:\Users\emine\OneDrive\Documents\tigray_repo\env\Lib\site-packages\django\template\base.py", line 171, in render
    return self._render(context)
           ^^^^^^^^^^^^^^^^^^^^^
  File "C:\Users\emine\OneDrive\Documents\tigray_repo\env\Lib\site-packages\django\template\base.py", line 163, in _render
    return self.nodelist.render(context)
           ^^^^^^^^^^^^^^^^^^^^^^^^^^^^^
  File "C:\Users\emine\OneDrive\Documents\tigray_repo\env\Lib\site-packages\django\template\base.py", line 1008, in render
    return SafeString("".join([node.render_annotated(context) for node in self]))
                               ^^^^^^^^^^^^^^^^^^^^^^^^^^^^^^
  File "C:\Users\emine\OneDrive\Documents\tigray_repo\env\Lib\site-packages\django\template\base.py", line 969, in render_annotated
    return self.render(context)
           ^^^^^^^^^^^^^^^^^^^^
  File "C:\Users\emine\OneDrive\Documents\tigray_repo\env\Lib\site-packages\django\template\loader_tags.py", line 159, in render
    return compiled_parent._render(context)
           ^^^^^^^^^^^^^^^^^^^^^^^^^^^^^^^^
  File "C:\Users\emine\OneDrive\Documents\tigray_repo\env\Lib\site-packages\django\template\base.py", line 163, in _render
    return self.nodelist.render(context)
           ^^^^^^^^^^^^^^^^^^^^^^^^^^^^^
  File "C:\Users\emine\OneDrive\Documents\tigray_repo\env\Lib\site-packages\django\template\base.py", line 1008, in render
    return SafeString("".join([node.render_annotated(context) for node in self]))
                               ^^^^^^^^^^^^^^^^^^^^^^^^^^^^^^
  File "C:\Users\emine\OneDrive\Documents\tigray_repo\env\Lib\site-packages\django\template\base.py", line 969, in render_annotated
    return self.render(context)
           ^^^^^^^^^^^^^^^^^^^^
  File "C:\Users\emine\OneDrive\Documents\tigray_repo\env\Lib\site-packages\django\template\loader_tags.py", line 65, in render
    result = block.nodelist.render(context)
             ^^^^^^^^^^^^^^^^^^^^^^^^^^^^^^
  File "C:\Users\emine\OneDrive\Documents\tigray_repo\env\Lib\site-packages\django\template\base.py", line 1008, in render
    return SafeString("".join([node.render_annotated(context) for node in self]))
                               ^^^^^^^^^^^^^^^^^^^^^^^^^^^^^^
  File "C:\Users\emine\OneDrive\Documents\tigray_repo\env\Lib\site-packages\django\template\base.py", line 969, in render_annotated
    return self.render(context)
           ^^^^^^^^^^^^^^^^^^^^
  File "C:\Users\emine\OneDrive\Documents\tigray_repo\env\Lib\site-packages\django\template\loader_tags.py", line 199, in render
    template = context.template.engine.select_template(template_name)
               ^^^^^^^^^^^^^^^^^^^^^^^^^^^^^^^^^^^^^^^^^^^^^^^^^^^^^^
  File "C:\Users\emine\OneDrive\Documents\tigray_repo\env\Lib\site-packages\django\template\engine.py", line 214, in select_template
    raise TemplateDoesNotExist(", ".join(not_found))
django.template.exceptions.TemplateDoesNotExist: intiatives-partial.html

The above exception was the direct cause of the following exception:

Traceback (most recent call last):
  File "C:\Users\emine\OneDrive\Documents\tigray_repo\env\Lib\site-packages\django\core\handlers\exception.py", line 55, in inner
    response = get_response(request)
               ^^^^^^^^^^^^^^^^^^^^^
  File "C:\Users\emine\OneDrive\Documents\tigray_repo\env\Lib\site-packages\django\core\handlers\base.py", line 220, in _get_response
    response = response.render()
               ^^^^^^^^^^^^^^^^^
  File "C:\Users\emine\OneDrive\Documents\tigray_repo\env\Lib\site-packages\django\template\response.py", line 114, in render
    self.content = self.rendered_content
                   ^^^^^^^^^^^^^^^^^^^^^
  File "C:\Users\emine\OneDrive\Documents\tigray_repo\env\Lib\site-packages\django\template\response.py", line 92, in rendered_content
    return template.render(context, self._request)
           ^^^^^^^^^^^^^^^^^^^^^^^^^^^^^^^^^^^^^^^
  File "C:\Users\emine\OneDrive\Documents\tigray_repo\env\Lib\site-packages\django\template\backends\django.py", line 109, in render
    reraise(exc, self.backend)
  File "C:\Users\emine\OneDrive\Documents\tigray_repo\env\Lib\site-packages\django\template\backends\django.py", line 130, in reraise
    raise new from exc
django.template.exceptions.TemplateDoesNotExist: intiatives-partial.html
2025-03-16 21:12:32,585 - WARNING - Not Found: /favicon.ico
2025-03-17 10:42:02,952 - WARNING - Not Found: /family-sponsors/
2025-03-17 10:42:03,756 - WARNING - Not Found: /favicon.ico
2025-03-17 10:43:11,080 - INFO - C:\Users\emine\OneDrive\Documents\tigray_repo\tigray_data_repo\App\views.py changed, reloading.
2025-03-17 10:44:16,700 - INFO - C:\Users\emine\OneDrive\Documents\tigray_repo\tigray_data_repo\App\views.py changed, reloading.
2025-03-17 10:44:44,767 - INFO - C:\Users\emine\OneDrive\Documents\tigray_repo\tigray_data_repo\App\views.py changed, reloading.
2025-03-24 11:07:28,745 - INFO - C:\Users\emine\OneDrive\Documents\tigray_repo\tigray_data_repo\tigray_data_repo\settings.py changed, reloading.
2025-03-24 11:07:45,252 - INFO - C:\Users\emine\OneDrive\Documents\tigray_repo\tigray_data_repo\tigray_data_repo\settings.py changed, reloading.
2025-03-24 11:08:38,495 - INFO - C:\Users\emine\OneDrive\Documents\tigray_repo\tigray_data_repo\tigray_data_repo\urls.py changed, reloading.
2025-03-24 11:08:55,846 - INFO - C:\Users\emine\OneDrive\Documents\tigray_repo\tigray_data_repo\tigray_data_repo\urls.py changed, reloading.
2025-03-24 11:14:13,222 - INFO - C:\Users\emine\OneDrive\Documents\tigray_repo\tigray_data_repo\App\models.py changed, reloading.
2025-03-24 11:14:27,129 - WARNING - Not Found: /favicon.ico
2025-03-24 11:14:29,923 - ERROR - Internal Server Error: /admin/App/blog/
Traceback (most recent call last):
  File "C:\Users\emine\OneDrive\Documents\tigray_repo\env\Lib\site-packages\django\db\backends\utils.py", line 105, in _execute
    return self.cursor.execute(sql, params)
           ^^^^^^^^^^^^^^^^^^^^^^^^^^^^^^^^
  File "C:\Users\emine\OneDrive\Documents\tigray_repo\env\Lib\site-packages\django\db\backends\sqlite3\base.py", line 354, in execute
    return super().execute(query, params)
           ^^^^^^^^^^^^^^^^^^^^^^^^^^^^^^
sqlite3.OperationalError: no such column: App_blog.content

The above exception was the direct cause of the following exception:

Traceback (most recent call last):
  File "C:\Users\emine\OneDrive\Documents\tigray_repo\env\Lib\site-packages\django\core\handlers\exception.py", line 55, in inner
    response = get_response(request)
               ^^^^^^^^^^^^^^^^^^^^^
  File "C:\Users\emine\OneDrive\Documents\tigray_repo\env\Lib\site-packages\django\core\handlers\base.py", line 197, in _get_response
    response = wrapped_callback(request, *callback_args, **callback_kwargs)
               ^^^^^^^^^^^^^^^^^^^^^^^^^^^^^^^^^^^^^^^^^^^^^^^^^^^^^^^^^^^^
  File "C:\Users\emine\OneDrive\Documents\tigray_repo\env\Lib\site-packages\django\contrib\admin\options.py", line 718, in wrapper
    return self.admin_site.admin_view(view)(*args, **kwargs)
           ^^^^^^^^^^^^^^^^^^^^^^^^^^^^^^^^^^^^^^^^^^^^^^^^^
  File "C:\Users\emine\OneDrive\Documents\tigray_repo\env\Lib\site-packages\django\utils\decorators.py", line 188, in _view_wrapper
    result = _process_exception(request, e)
             ^^^^^^^^^^^^^^^^^^^^^^^^^^^^^^
  File "C:\Users\emine\OneDrive\Documents\tigray_repo\env\Lib\site-packages\django\utils\decorators.py", line 186, in _view_wrapper
    response = view_func(request, *args, **kwargs)
               ^^^^^^^^^^^^^^^^^^^^^^^^^^^^^^^^^^^
  File "C:\Users\emine\OneDrive\Documents\tigray_repo\env\Lib\site-packages\django\views\decorators\cache.py", line 80, in _view_wrapper
    response = view_func(request, *args, **kwargs)
               ^^^^^^^^^^^^^^^^^^^^^^^^^^^^^^^^^^^
  File "C:\Users\emine\OneDrive\Documents\tigray_repo\env\Lib\site-packages\django\contrib\admin\sites.py", line 241, in inner
    return view(request, *args, **kwargs)
           ^^^^^^^^^^^^^^^^^^^^^^^^^^^^^^
  File "C:\Users\emine\OneDrive\Documents\tigray_repo\env\Lib\site-packages\django\utils\decorators.py", line 48, in _wrapper
    return bound_method(*args, **kwargs)
           ^^^^^^^^^^^^^^^^^^^^^^^^^^^^^
  File "C:\Users\emine\OneDrive\Documents\tigray_repo\env\Lib\site-packages\django\utils\decorators.py", line 188, in _view_wrapper
    result = _process_exception(request, e)
             ^^^^^^^^^^^^^^^^^^^^^^^^^^^^^^
  File "C:\Users\emine\OneDrive\Documents\tigray_repo\env\Lib\site-packages\django\utils\decorators.py", line 186, in _view_wrapper
    response = view_func(request, *args, **kwargs)
               ^^^^^^^^^^^^^^^^^^^^^^^^^^^^^^^^^^^
  File "C:\Users\emine\OneDrive\Documents\tigray_repo\env\Lib\site-packages\django\contrib\admin\options.py", line 2140, in changelist_view
    "selection_note": _("0 of %(cnt)s selected") % {"cnt": len(cl.result_list)},
                                                           ^^^^^^^^^^^^^^^^^^^
  File "C:\Users\emine\OneDrive\Documents\tigray_repo\env\Lib\site-packages\django\db\models\query.py", line 382, in __len__
    self._fetch_all()
  File "C:\Users\emine\OneDrive\Documents\tigray_repo\env\Lib\site-packages\django\db\models\query.py", line 1928, in _fetch_all
    self._result_cache = list(self._iterable_class(self))
                         ^^^^^^^^^^^^^^^^^^^^^^^^^^^^^^^^
  File "C:\Users\emine\OneDrive\Documents\tigray_repo\env\Lib\site-packages\django\db\models\query.py", line 91, in __iter__
    results = compiler.execute_sql(
              ^^^^^^^^^^^^^^^^^^^^^
  File "C:\Users\emine\OneDrive\Documents\tigray_repo\env\Lib\site-packages\django\db\models\sql\compiler.py", line 1574, in execute_sql
    cursor.execute(sql, params)
  File "C:\Users\emine\OneDrive\Documents\tigray_repo\env\Lib\site-packages\django\db\backends\utils.py", line 122, in execute
    return super().execute(sql, params)
           ^^^^^^^^^^^^^^^^^^^^^^^^^^^^
  File "C:\Users\emine\OneDrive\Documents\tigray_repo\env\Lib\site-packages\django\db\backends\utils.py", line 79, in execute
    return self._execute_with_wrappers(
           ^^^^^^^^^^^^^^^^^^^^^^^^^^^^
  File "C:\Users\emine\OneDrive\Documents\tigray_repo\env\Lib\site-packages\django\db\backends\utils.py", line 92, in _execute_with_wrappers
    return executor(sql, params, many, context)
           ^^^^^^^^^^^^^^^^^^^^^^^^^^^^^^^^^^^^
  File "C:\Users\emine\OneDrive\Documents\tigray_repo\env\Lib\site-packages\django\db\backends\utils.py", line 100, in _execute
    with self.db.wrap_database_errors:
  File "C:\Users\emine\OneDrive\Documents\tigray_repo\env\Lib\site-packages\django\db\utils.py", line 91, in __exit__
    raise dj_exc_value.with_traceback(traceback) from exc_value
  File "C:\Users\emine\OneDrive\Documents\tigray_repo\env\Lib\site-packages\django\db\backends\utils.py", line 105, in _execute
    return self.cursor.execute(sql, params)
           ^^^^^^^^^^^^^^^^^^^^^^^^^^^^^^^^
  File "C:\Users\emine\OneDrive\Documents\tigray_repo\env\Lib\site-packages\django\db\backends\sqlite3\base.py", line 354, in execute
    return super().execute(query, params)
           ^^^^^^^^^^^^^^^^^^^^^^^^^^^^^^
django.db.utils.OperationalError: no such column: App_blog.content
2025-03-24 11:14:33,779 - INFO - C:\Users\emine\OneDrive\Documents\tigray_repo\tigray_data_repo\App\models.py changed, reloading.
2025-03-24 11:18:41,985 - INFO - C:\Users\emine\OneDrive\Documents\tigray_repo\tigray_data_repo\App\models.py changed, reloading.
2025-03-24 11:19:00,637 - INFO - C:\Users\emine\OneDrive\Documents\tigray_repo\tigray_data_repo\App\models.py changed, reloading.
2025-03-24 11:20:49,199 - INFO - C:\Users\emine\OneDrive\Documents\tigray_repo\tigray_data_repo\App\models.py changed, reloading.
2025-03-24 11:24:38,841 - INFO - C:\Users\emine\OneDrive\Documents\tigray_repo\tigray_data_repo\App\views.py changed, reloading.
2025-03-24 11:25:51,572 - INFO - C:\Users\emine\OneDrive\Documents\tigray_repo\tigray_data_repo\App\views.py changed, reloading.
2025-03-24 11:29:24,098 - INFO - C:\Users\emine\OneDrive\Documents\tigray_repo\tigray_data_repo\App\models.py changed, reloading.
2025-03-24 11:30:11,679 - INFO - C:\Users\emine\OneDrive\Documents\tigray_repo\tigray_data_repo\App\models.py changed, reloading.
2025-03-24 11:31:05,495 - INFO - C:\Users\emine\OneDrive\Documents\tigray_repo\tigray_data_repo\App\forms.py changed, reloading.
2025-03-24 12:58:05,107 - ERROR - Internal Server Error: /blog/
Traceback (most recent call last):
  File "C:\Users\emine\OneDrive\Documents\tigray_repo\env\Lib\site-packages\django\template\base.py", line 510, in parse
    compile_func = self.tags[command]
                   ~~~~~~~~~^^^^^^^^^
KeyError: 'else'

During handling of the above exception, another exception occurred:

Traceback (most recent call last):
  File "C:\Users\emine\OneDrive\Documents\tigray_repo\env\Lib\site-packages\django\core\handlers\exception.py", line 55, in inner
    response = get_response(request)
               ^^^^^^^^^^^^^^^^^^^^^
  File "C:\Users\emine\OneDrive\Documents\tigray_repo\env\Lib\site-packages\django\core\handlers\base.py", line 220, in _get_response
    response = response.render()
               ^^^^^^^^^^^^^^^^^
  File "C:\Users\emine\OneDrive\Documents\tigray_repo\env\Lib\site-packages\django\template\response.py", line 114, in render
    self.content = self.rendered_content
                   ^^^^^^^^^^^^^^^^^^^^^
  File "C:\Users\emine\OneDrive\Documents\tigray_repo\env\Lib\site-packages\django\template\response.py", line 90, in rendered_content
    template = self.resolve_template(self.template_name)
               ^^^^^^^^^^^^^^^^^^^^^^^^^^^^^^^^^^^^^^^^^
  File "C:\Users\emine\OneDrive\Documents\tigray_repo\env\Lib\site-packages\django\template\response.py", line 72, in resolve_template
    return select_template(template, using=self.using)
           ^^^^^^^^^^^^^^^^^^^^^^^^^^^^^^^^^^^^^^^^^^^
  File "C:\Users\emine\OneDrive\Documents\tigray_repo\env\Lib\site-packages\django\template\loader.py", line 42, in select_template
    return engine.get_template(template_name)
           ^^^^^^^^^^^^^^^^^^^^^^^^^^^^^^^^^^
  File "C:\Users\emine\OneDrive\Documents\tigray_repo\env\Lib\site-packages\django\template\backends\django.py", line 79, in get_template
    return Template(self.engine.get_template(template_name), self)
                    ^^^^^^^^^^^^^^^^^^^^^^^^^^^^^^^^^^^^^^^
  File "C:\Users\emine\OneDrive\Documents\tigray_repo\env\Lib\site-packages\django\template\engine.py", line 177, in get_template
    template, origin = self.find_template(template_name)
                       ^^^^^^^^^^^^^^^^^^^^^^^^^^^^^^^^^
  File "C:\Users\emine\OneDrive\Documents\tigray_repo\env\Lib\site-packages\django\template\engine.py", line 159, in find_template
    template = loader.get_template(name, skip=skip)
               ^^^^^^^^^^^^^^^^^^^^^^^^^^^^^^^^^^^^
  File "C:\Users\emine\OneDrive\Documents\tigray_repo\env\Lib\site-packages\django\template\loaders\cached.py", line 57, in get_template
    template = super().get_template(template_name, skip)
               ^^^^^^^^^^^^^^^^^^^^^^^^^^^^^^^^^^^^^^^^^
  File "C:\Users\emine\OneDrive\Documents\tigray_repo\env\Lib\site-packages\django\template\loaders\base.py", line 28, in get_template
    return Template(
           ^^^^^^^^^
  File "C:\Users\emine\OneDrive\Documents\tigray_repo\env\Lib\site-packages\django\template\base.py", line 154, in __init__
    self.nodelist = self.compile_nodelist()
                    ^^^^^^^^^^^^^^^^^^^^^^^
  File "C:\Users\emine\OneDrive\Documents\tigray_repo\env\Lib\site-packages\django\template\base.py", line 196, in compile_nodelist
    nodelist = parser.parse()
               ^^^^^^^^^^^^^^
  File "C:\Users\emine\OneDrive\Documents\tigray_repo\env\Lib\site-packages\django\template\base.py", line 518, in parse
    raise self.error(token, e)
  File "C:\Users\emine\OneDrive\Documents\tigray_repo\env\Lib\site-packages\django\template\base.py", line 516, in parse
    compiled_result = compile_func(self, token)
                      ^^^^^^^^^^^^^^^^^^^^^^^^^
  File "C:\Users\emine\OneDrive\Documents\tigray_repo\env\Lib\site-packages\django\template\loader_tags.py", line 295, in do_extends
    nodelist = parser.parse()
               ^^^^^^^^^^^^^^
  File "C:\Users\emine\OneDrive\Documents\tigray_repo\env\Lib\site-packages\django\template\base.py", line 518, in parse
    raise self.error(token, e)
  File "C:\Users\emine\OneDrive\Documents\tigray_repo\env\Lib\site-packages\django\template\base.py", line 516, in parse
    compiled_result = compile_func(self, token)
                      ^^^^^^^^^^^^^^^^^^^^^^^^^
  File "C:\Users\emine\OneDrive\Documents\tigray_repo\env\Lib\site-packages\django\template\loader_tags.py", line 234, in do_block
    nodelist = parser.parse(("endblock",))
               ^^^^^^^^^^^^^^^^^^^^^^^^^^^
  File "C:\Users\emine\OneDrive\Documents\tigray_repo\env\Lib\site-packages\django\template\base.py", line 518, in parse
    raise self.error(token, e)
  File "C:\Users\emine\OneDrive\Documents\tigray_repo\env\Lib\site-packages\django\template\base.py", line 516, in parse
    compiled_result = compile_func(self, token)
                      ^^^^^^^^^^^^^^^^^^^^^^^^^
  File "C:\Users\emine\OneDrive\Documents\tigray_repo\env\Lib\site-packages\django\template\defaulttags.py", line 962, in do_if
    nodelist = parser.parse(("elif", "else", "endif"))
               ^^^^^^^^^^^^^^^^^^^^^^^^^^^^^^^^^^^^^^^
  File "C:\Users\emine\OneDrive\Documents\tigray_repo\env\Lib\site-packages\django\template\base.py", line 518, in parse
    raise self.error(token, e)
  File "C:\Users\emine\OneDrive\Documents\tigray_repo\env\Lib\site-packages\django\template\base.py", line 516, in parse
    compiled_result = compile_func(self, token)
                      ^^^^^^^^^^^^^^^^^^^^^^^^^
  File "C:\Users\emine\OneDrive\Documents\tigray_repo\env\Lib\site-packages\django\template\defaulttags.py", line 870, in do_for
    nodelist_empty = parser.parse(("endfor",))
                     ^^^^^^^^^^^^^^^^^^^^^^^^^
  File "C:\Users\emine\OneDrive\Documents\tigray_repo\env\Lib\site-packages\django\template\base.py", line 512, in parse
    self.invalid_block_tag(token, command, parse_until)
  File "C:\Users\emine\OneDrive\Documents\tigray_repo\env\Lib\site-packages\django\template\base.py", line 563, in invalid_block_tag
    raise self.error(
django.template.exceptions.TemplateSyntaxError: Invalid block tag on line 43: 'else', expected 'endfor'. Did you forget to register or load this tag?
2025-03-24 13:03:53,650 - ERROR - Internal Server Error: /write-analysis/
Traceback (most recent call last):
  File "C:\Users\emine\OneDrive\Documents\tigray_repo\env\Lib\site-packages\django\utils\datastructures.py", line 84, in __getitem__
    list_ = super().__getitem__(key)
            ^^^^^^^^^^^^^^^^^^^^^^^^
KeyError: 'ArticleContent'

During handling of the above exception, another exception occurred:

Traceback (most recent call last):
  File "C:\Users\emine\OneDrive\Documents\tigray_repo\env\Lib\site-packages\django\core\handlers\exception.py", line 55, in inner
    response = get_response(request)
               ^^^^^^^^^^^^^^^^^^^^^
  File "C:\Users\emine\OneDrive\Documents\tigray_repo\env\Lib\site-packages\django\core\handlers\base.py", line 197, in _get_response
    response = wrapped_callback(request, *callback_args, **callback_kwargs)
               ^^^^^^^^^^^^^^^^^^^^^^^^^^^^^^^^^^^^^^^^^^^^^^^^^^^^^^^^^^^^
  File "C:\Users\emine\OneDrive\Documents\tigray_repo\env\Lib\site-packages\django\views\generic\base.py", line 104, in view
    return self.dispatch(request, *args, **kwargs)
           ^^^^^^^^^^^^^^^^^^^^^^^^^^^^^^^^^^^^^^^
  File "C:\Users\emine\OneDrive\Documents\tigray_repo\env\Lib\site-packages\django\contrib\auth\mixins.py", line 73, in dispatch
    return super().dispatch(request, *args, **kwargs)
           ^^^^^^^^^^^^^^^^^^^^^^^^^^^^^^^^^^^^^^^^^^
  File "C:\Users\emine\OneDrive\Documents\tigray_repo\env\Lib\site-packages\django\views\generic\base.py", line 143, in dispatch
    return handler(request, *args, **kwargs)
           ^^^^^^^^^^^^^^^^^^^^^^^^^^^^^^^^^
  File "C:\Users\emine\OneDrive\Documents\tigray_repo\tigray_data_repo\App\views.py", line 538, in post
    ArticleContent = request.POST["ArticleContent"])
                     ~~~~~~~~~~~~^^^^^^^^^^^^^^^^^^
  File "C:\Users\emine\OneDrive\Documents\tigray_repo\env\Lib\site-packages\django\utils\datastructures.py", line 86, in __getitem__
    raise MultiValueDictKeyError(key)
django.utils.datastructures.MultiValueDictKeyError: 'ArticleContent'
2025-03-24 13:05:14,076 - INFO - C:\Users\emine\OneDrive\Documents\tigray_repo\tigray_data_repo\App\views.py changed, reloading.
2025-03-24 13:26:53,131 - INFO - C:\Users\emine\OneDrive\Documents\tigray_repo\tigray_data_repo\App\templatetags\custom_filters.py changed, reloading.
2025-03-24 13:27:04,769 - INFO - C:\Users\emine\OneDrive\Documents\tigray_repo\tigray_data_repo\App\templatetags\custom_filters.py changed, reloading.
2025-03-24 18:09:16,624 - INFO - C:\Users\emine\OneDrive\Documents\tigray_repo\tigray_data_repo\App\views.py changed, reloading.
2025-03-24 18:10:07,368 - INFO - C:\Users\emine\OneDrive\Documents\tigray_repo\tigray_data_repo\App\views.py changed, reloading.
2025-03-24 18:10:44,713 - INFO - C:\Users\emine\OneDrive\Documents\tigray_repo\tigray_data_repo\App\views.py changed, reloading.
2025-03-24 18:11:05,204 - INFO - C:\Users\emine\OneDrive\Documents\tigray_repo\tigray_data_repo\App\views.py changed, reloading.
2025-03-24 18:13:53,572 - ERROR - Internal Server Error: /update-article/2
Traceback (most recent call last):
  File "C:\Users\emine\OneDrive\Documents\tigray_repo\env\Lib\site-packages\django\utils\datastructures.py", line 84, in __getitem__
    list_ = super().__getitem__(key)
            ^^^^^^^^^^^^^^^^^^^^^^^^
KeyError: 'ArticleTitle'

During handling of the above exception, another exception occurred:

Traceback (most recent call last):
  File "C:\Users\emine\OneDrive\Documents\tigray_repo\env\Lib\site-packages\django\core\handlers\exception.py", line 55, in inner
    response = get_response(request)
               ^^^^^^^^^^^^^^^^^^^^^
  File "C:\Users\emine\OneDrive\Documents\tigray_repo\env\Lib\site-packages\django\core\handlers\base.py", line 197, in _get_response
    response = wrapped_callback(request, *callback_args, **callback_kwargs)
               ^^^^^^^^^^^^^^^^^^^^^^^^^^^^^^^^^^^^^^^^^^^^^^^^^^^^^^^^^^^^
  File "C:\Users\emine\OneDrive\Documents\tigray_repo\env\Lib\site-packages\django\views\generic\base.py", line 104, in view
    return self.dispatch(request, *args, **kwargs)
           ^^^^^^^^^^^^^^^^^^^^^^^^^^^^^^^^^^^^^^^
  File "C:\Users\emine\OneDrive\Documents\tigray_repo\env\Lib\site-packages\django\contrib\auth\mixins.py", line 73, in dispatch
    return super().dispatch(request, *args, **kwargs)
           ^^^^^^^^^^^^^^^^^^^^^^^^^^^^^^^^^^^^^^^^^^
  File "C:\Users\emine\OneDrive\Documents\tigray_repo\env\Lib\site-packages\django\views\generic\base.py", line 143, in dispatch
    return handler(request, *args, **kwargs)
           ^^^^^^^^^^^^^^^^^^^^^^^^^^^^^^^^^
  File "C:\Users\emine\OneDrive\Documents\tigray_repo\tigray_data_repo\App\views.py", line 576, in post
    FetchedArticle.ArticleTitle = request.POST["ArticleTitle"]
                                  ~~~~~~~~~~~~^^^^^^^^^^^^^^^^
  File "C:\Users\emine\OneDrive\Documents\tigray_repo\env\Lib\site-packages\django\utils\datastructures.py", line 86, in __getitem__
    raise MultiValueDictKeyError(key)
django.utils.datastructures.MultiValueDictKeyError: 'ArticleTitle'
2025-03-24 18:13:53,936 - WARNING - Not Found: /favicon.ico
2025-03-24 18:14:57,123 - INFO - C:\Users\emine\OneDrive\Documents\tigray_repo\tigray_data_repo\App\views.py changed, reloading.
2025-03-24 18:16:15,034 - INFO - C:\Users\emine\OneDrive\Documents\tigray_repo\tigray_data_repo\App\views.py changed, reloading.
2025-03-24 18:17:02,672 - INFO - C:\Users\emine\OneDrive\Documents\tigray_repo\tigray_data_repo\App\views.py changed, reloading.
2025-03-24 18:17:35,426 - INFO - C:\Users\emine\OneDrive\Documents\tigray_repo\tigray_data_repo\App\views.py changed, reloading.
2025-03-24 18:17:49,314 - INFO - C:\Users\emine\OneDrive\Documents\tigray_repo\tigray_data_repo\App\views.py changed, reloading.
2025-03-24 18:17:56,649 - INFO - C:\Users\emine\OneDrive\Documents\tigray_repo\tigray_data_repo\App\views.py changed, reloading.
2025-03-24 18:18:45,245 - INFO - C:\Users\emine\OneDrive\Documents\tigray_repo\tigray_data_repo\App\views.py changed, reloading.
2025-03-24 18:18:57,350 - INFO - C:\Users\emine\OneDrive\Documents\tigray_repo\tigray_data_repo\App\views.py changed, reloading.
2025-03-24 18:19:07,087 - INFO - C:\Users\emine\OneDrive\Documents\tigray_repo\tigray_data_repo\App\views.py changed, reloading.
2025-03-24 18:19:12,565 - ERROR - Internal Server Error: /analysis-management/
Traceback (most recent call last):
  File "C:\Users\emine\OneDrive\Documents\tigray_repo\env\Lib\site-packages\django\core\handlers\exception.py", line 55, in inner
    response = get_response(request)
               ^^^^^^^^^^^^^^^^^^^^^
  File "C:\Users\emine\OneDrive\Documents\tigray_repo\env\Lib\site-packages\django\core\handlers\base.py", line 197, in _get_response
    response = wrapped_callback(request, *callback_args, **callback_kwargs)
               ^^^^^^^^^^^^^^^^^^^^^^^^^^^^^^^^^^^^^^^^^^^^^^^^^^^^^^^^^^^^
  File "C:\Users\emine\OneDrive\Documents\tigray_repo\env\Lib\site-packages\django\views\generic\base.py", line 104, in view
    return self.dispatch(request, *args, **kwargs)
           ^^^^^^^^^^^^^^^^^^^^^^^^^^^^^^^^^^^^^^^
  File "C:\Users\emine\OneDrive\Documents\tigray_repo\env\Lib\site-packages\django\contrib\auth\mixins.py", line 73, in dispatch
    return super().dispatch(request, *args, **kwargs)
           ^^^^^^^^^^^^^^^^^^^^^^^^^^^^^^^^^^^^^^^^^^
  File "C:\Users\emine\OneDrive\Documents\tigray_repo\env\Lib\site-packages\django\views\generic\base.py", line 143, in dispatch
    return handler(request, *args, **kwargs)
           ^^^^^^^^^^^^^^^^^^^^^^^^^^^^^^^^^
  File "C:\Users\emine\OneDrive\Documents\tigray_repo\env\Lib\site-packages\django\views\generic\base.py", line 226, in get
    context = self.get_context_data(**kwargs)
              ^^^^^^^^^^^^^^^^^^^^^^^^^^^^^^^
  File "C:\Users\emine\OneDrive\Documents\tigray_repo\tigray_data_repo\App\views.py", line 563, in get_context_data
    context['form'] = self.form_class(instance=self.get_object())
                                               ^^^^^^^^^^^^^^^
AttributeError: 'ArticleManagement' object has no attribute 'get_object'
2025-03-24 18:19:32,300 - INFO - C:\Users\emine\OneDrive\Documents\tigray_repo\tigray_data_repo\App\views.py changed, reloading.
2025-03-24 18:22:05,433 - INFO - C:\Users\emine\OneDrive\Documents\tigray_repo\tigray_data_repo\App\views.py changed, reloading.
2025-03-24 19:56:56,439 - INFO - C:\Users\emine\OneDrive\Documents\tigray_repo\tigray_data_repo\App\views.py changed, reloading.
2025-03-24 19:57:03,881 - INFO - C:\Users\emine\OneDrive\Documents\tigray_repo\tigray_data_repo\App\views.py changed, reloading.
2025-03-24 19:57:21,617 - INFO - C:\Users\emine\OneDrive\Documents\tigray_repo\tigray_data_repo\App\models.py changed, reloading.
2025-03-24 19:57:45,118 - INFO - C:\Users\emine\OneDrive\Documents\tigray_repo\tigray_data_repo\App\models.py changed, reloading.
2025-03-24 19:58:23,260 - INFO - C:\Users\emine\OneDrive\Documents\tigray_repo\tigray_data_repo\App\models.py changed, reloading.
2025-03-24 19:59:13,824 - ERROR - Internal Server Error: /analysis-management/
Traceback (most recent call last):
  File "C:\Users\emine\OneDrive\Documents\tigray_repo\env\Lib\site-packages\django\db\backends\utils.py", line 105, in _execute
    return self.cursor.execute(sql, params)
           ^^^^^^^^^^^^^^^^^^^^^^^^^^^^^^^^
  File "C:\Users\emine\OneDrive\Documents\tigray_repo\env\Lib\site-packages\django\db\backends\sqlite3\base.py", line 354, in execute
    return super().execute(query, params)
           ^^^^^^^^^^^^^^^^^^^^^^^^^^^^^^
sqlite3.OperationalError: no such column: App_blog.slug

The above exception was the direct cause of the following exception:

Traceback (most recent call last):
  File "C:\Users\emine\OneDrive\Documents\tigray_repo\env\Lib\site-packages\django\core\handlers\exception.py", line 55, in inner
    response = get_response(request)
               ^^^^^^^^^^^^^^^^^^^^^
  File "C:\Users\emine\OneDrive\Documents\tigray_repo\env\Lib\site-packages\django\core\handlers\base.py", line 220, in _get_response
    response = response.render()
               ^^^^^^^^^^^^^^^^^
  File "C:\Users\emine\OneDrive\Documents\tigray_repo\env\Lib\site-packages\django\template\response.py", line 114, in render
    self.content = self.rendered_content
                   ^^^^^^^^^^^^^^^^^^^^^
  File "C:\Users\emine\OneDrive\Documents\tigray_repo\env\Lib\site-packages\django\template\response.py", line 92, in rendered_content
    return template.render(context, self._request)
           ^^^^^^^^^^^^^^^^^^^^^^^^^^^^^^^^^^^^^^^
  File "C:\Users\emine\OneDrive\Documents\tigray_repo\env\Lib\site-packages\django\template\backends\django.py", line 107, in render
    return self.template.render(context)
           ^^^^^^^^^^^^^^^^^^^^^^^^^^^^^
  File "C:\Users\emine\OneDrive\Documents\tigray_repo\env\Lib\site-packages\django\template\base.py", line 171, in render
    return self._render(context)
           ^^^^^^^^^^^^^^^^^^^^^
  File "C:\Users\emine\OneDrive\Documents\tigray_repo\env\Lib\site-packages\django\template\base.py", line 163, in _render
    return self.nodelist.render(context)
           ^^^^^^^^^^^^^^^^^^^^^^^^^^^^^
  File "C:\Users\emine\OneDrive\Documents\tigray_repo\env\Lib\site-packages\django\template\base.py", line 1008, in render
    return SafeString("".join([node.render_annotated(context) for node in self]))
                               ^^^^^^^^^^^^^^^^^^^^^^^^^^^^^^
  File "C:\Users\emine\OneDrive\Documents\tigray_repo\env\Lib\site-packages\django\template\base.py", line 969, in render_annotated
    return self.render(context)
           ^^^^^^^^^^^^^^^^^^^^
  File "C:\Users\emine\OneDrive\Documents\tigray_repo\env\Lib\site-packages\django\template\loader_tags.py", line 159, in render
    return compiled_parent._render(context)
           ^^^^^^^^^^^^^^^^^^^^^^^^^^^^^^^^
  File "C:\Users\emine\OneDrive\Documents\tigray_repo\env\Lib\site-packages\django\template\base.py", line 163, in _render
    return self.nodelist.render(context)
           ^^^^^^^^^^^^^^^^^^^^^^^^^^^^^
  File "C:\Users\emine\OneDrive\Documents\tigray_repo\env\Lib\site-packages\django\template\base.py", line 1008, in render
    return SafeString("".join([node.render_annotated(context) for node in self]))
                               ^^^^^^^^^^^^^^^^^^^^^^^^^^^^^^
  File "C:\Users\emine\OneDrive\Documents\tigray_repo\env\Lib\site-packages\django\template\base.py", line 969, in render_annotated
    return self.render(context)
           ^^^^^^^^^^^^^^^^^^^^
  File "C:\Users\emine\OneDrive\Documents\tigray_repo\env\Lib\site-packages\django\template\loader_tags.py", line 65, in render
    result = block.nodelist.render(context)
             ^^^^^^^^^^^^^^^^^^^^^^^^^^^^^^
  File "C:\Users\emine\OneDrive\Documents\tigray_repo\env\Lib\site-packages\django\template\base.py", line 1008, in render
    return SafeString("".join([node.render_annotated(context) for node in self]))
                               ^^^^^^^^^^^^^^^^^^^^^^^^^^^^^^
  File "C:\Users\emine\OneDrive\Documents\tigray_repo\env\Lib\site-packages\django\template\base.py", line 969, in render_annotated
    return self.render(context)
           ^^^^^^^^^^^^^^^^^^^^
  File "C:\Users\emine\OneDrive\Documents\tigray_repo\env\Lib\site-packages\django\template\defaulttags.py", line 199, in render
    len_values = len(values)
                 ^^^^^^^^^^^
  File "C:\Users\emine\OneDrive\Documents\tigray_repo\env\Lib\site-packages\django\db\models\query.py", line 382, in __len__
    self._fetch_all()
  File "C:\Users\emine\OneDrive\Documents\tigray_repo\env\Lib\site-packages\django\db\models\query.py", line 1928, in _fetch_all
    self._result_cache = list(self._iterable_class(self))
                         ^^^^^^^^^^^^^^^^^^^^^^^^^^^^^^^^
  File "C:\Users\emine\OneDrive\Documents\tigray_repo\env\Lib\site-packages\django\db\models\query.py", line 91, in __iter__
    results = compiler.execute_sql(
              ^^^^^^^^^^^^^^^^^^^^^
  File "C:\Users\emine\OneDrive\Documents\tigray_repo\env\Lib\site-packages\django\db\models\sql\compiler.py", line 1574, in execute_sql
    cursor.execute(sql, params)
  File "C:\Users\emine\OneDrive\Documents\tigray_repo\env\Lib\site-packages\django\db\backends\utils.py", line 122, in execute
    return super().execute(sql, params)
           ^^^^^^^^^^^^^^^^^^^^^^^^^^^^
  File "C:\Users\emine\OneDrive\Documents\tigray_repo\env\Lib\site-packages\django\db\backends\utils.py", line 79, in execute
    return self._execute_with_wrappers(
           ^^^^^^^^^^^^^^^^^^^^^^^^^^^^
  File "C:\Users\emine\OneDrive\Documents\tigray_repo\env\Lib\site-packages\django\db\backends\utils.py", line 92, in _execute_with_wrappers
    return executor(sql, params, many, context)
           ^^^^^^^^^^^^^^^^^^^^^^^^^^^^^^^^^^^^
  File "C:\Users\emine\OneDrive\Documents\tigray_repo\env\Lib\site-packages\django\db\backends\utils.py", line 100, in _execute
    with self.db.wrap_database_errors:
  File "C:\Users\emine\OneDrive\Documents\tigray_repo\env\Lib\site-packages\django\db\utils.py", line 91, in __exit__
    raise dj_exc_value.with_traceback(traceback) from exc_value
  File "C:\Users\emine\OneDrive\Documents\tigray_repo\env\Lib\site-packages\django\db\backends\utils.py", line 105, in _execute
    return self.cursor.execute(sql, params)
           ^^^^^^^^^^^^^^^^^^^^^^^^^^^^^^^^
  File "C:\Users\emine\OneDrive\Documents\tigray_repo\env\Lib\site-packages\django\db\backends\sqlite3\base.py", line 354, in execute
    return super().execute(query, params)
           ^^^^^^^^^^^^^^^^^^^^^^^^^^^^^^
django.db.utils.OperationalError: no such column: App_blog.slug
2025-03-24 19:59:39,257 - INFO - C:\Users\emine\OneDrive\Documents\tigray_repo\tigray_data_repo\App\models.py changed, reloading.
2025-03-24 20:00:20,380 - INFO - C:\Users\emine\OneDrive\Documents\tigray_repo\tigray_data_repo\App\models.py changed, reloading.
2025-03-24 20:02:50,306 - ERROR - Internal Server Error: /write-analysis/
Traceback (most recent call last):
  File "C:\Users\emine\OneDrive\Documents\tigray_repo\env\Lib\site-packages\django\core\handlers\exception.py", line 55, in inner
    response = get_response(request)
               ^^^^^^^^^^^^^^^^^^^^^
  File "C:\Users\emine\OneDrive\Documents\tigray_repo\env\Lib\site-packages\django\core\handlers\base.py", line 197, in _get_response
    response = wrapped_callback(request, *callback_args, **callback_kwargs)
               ^^^^^^^^^^^^^^^^^^^^^^^^^^^^^^^^^^^^^^^^^^^^^^^^^^^^^^^^^^^^
  File "C:\Users\emine\OneDrive\Documents\tigray_repo\env\Lib\site-packages\django\views\generic\base.py", line 104, in view
    return self.dispatch(request, *args, **kwargs)
           ^^^^^^^^^^^^^^^^^^^^^^^^^^^^^^^^^^^^^^^
  File "C:\Users\emine\OneDrive\Documents\tigray_repo\env\Lib\site-packages\django\contrib\auth\mixins.py", line 73, in dispatch
    return super().dispatch(request, *args, **kwargs)
           ^^^^^^^^^^^^^^^^^^^^^^^^^^^^^^^^^^^^^^^^^^
  File "C:\Users\emine\OneDrive\Documents\tigray_repo\env\Lib\site-packages\django\views\generic\base.py", line 143, in dispatch
    return handler(request, *args, **kwargs)
           ^^^^^^^^^^^^^^^^^^^^^^^^^^^^^^^^^
  File "C:\Users\emine\OneDrive\Documents\tigray_repo\tigray_data_repo\App\views.py", line 537, in post
    AnalysisCreate = Blog.objects.create(ArticleTitle = request.POST["ArticleTitle"],
                     ^^^^^^^^^^^^^^^^^^^^^^^^^^^^^^^^^^^^^^^^^^^^^^^^^^^^^^^^^^^^^^^^
  File "C:\Users\emine\OneDrive\Documents\tigray_repo\env\Lib\site-packages\django\db\models\manager.py", line 87, in manager_method
    return getattr(self.get_queryset(), name)(*args, **kwargs)
           ^^^^^^^^^^^^^^^^^^^^^^^^^^^^^^^^^^^^^^^^^^^^^^^^^^^
  File "C:\Users\emine\OneDrive\Documents\tigray_repo\env\Lib\site-packages\django\db\models\query.py", line 679, in create
    obj.save(force_insert=True, using=self.db)
  File "C:\Users\emine\OneDrive\Documents\tigray_repo\tigray_data_repo\App\models.py", line 109, in save
    self.slug = slugify(self.title)
                        ^^^^^^^^^^
AttributeError: 'Blog' object has no attribute 'title'
2025-03-24 20:03:06,342 - INFO - C:\Users\emine\OneDrive\Documents\tigray_repo\tigray_data_repo\App\models.py changed, reloading.
2025-03-24 20:05:11,217 - INFO - C:\Users\emine\OneDrive\Documents\tigray_repo\tigray_data_repo\App\views.py changed, reloading.
2025-03-24 20:08:36,585 - INFO - C:\Users\emine\OneDrive\Documents\tigray_repo\tigray_data_repo\tigray_data_repo\urls.py changed, reloading.
2025-03-24 20:09:19,516 - INFO - C:\Users\emine\OneDrive\Documents\tigray_repo\tigray_data_repo\App\views.py changed, reloading.
2025-03-24 20:10:08,344 - ERROR - Internal Server Error: /update-article/3
Traceback (most recent call last):
  File "C:\Users\emine\OneDrive\Documents\tigray_repo\env\Lib\site-packages\django\utils\datastructures.py", line 84, in __getitem__
    list_ = super().__getitem__(key)
            ^^^^^^^^^^^^^^^^^^^^^^^^
KeyError: 'content'

During handling of the above exception, another exception occurred:

Traceback (most recent call last):
  File "C:\Users\emine\OneDrive\Documents\tigray_repo\env\Lib\site-packages\django\core\handlers\exception.py", line 55, in inner
    response = get_response(request)
               ^^^^^^^^^^^^^^^^^^^^^
  File "C:\Users\emine\OneDrive\Documents\tigray_repo\env\Lib\site-packages\django\core\handlers\base.py", line 197, in _get_response
    response = wrapped_callback(request, *callback_args, **callback_kwargs)
               ^^^^^^^^^^^^^^^^^^^^^^^^^^^^^^^^^^^^^^^^^^^^^^^^^^^^^^^^^^^^
  File "C:\Users\emine\OneDrive\Documents\tigray_repo\env\Lib\site-packages\django\views\generic\base.py", line 104, in view
    return self.dispatch(request, *args, **kwargs)
           ^^^^^^^^^^^^^^^^^^^^^^^^^^^^^^^^^^^^^^^
  File "C:\Users\emine\OneDrive\Documents\tigray_repo\env\Lib\site-packages\django\contrib\auth\mixins.py", line 73, in dispatch
    return super().dispatch(request, *args, **kwargs)
           ^^^^^^^^^^^^^^^^^^^^^^^^^^^^^^^^^^^^^^^^^^
  File "C:\Users\emine\OneDrive\Documents\tigray_repo\env\Lib\site-packages\django\views\generic\base.py", line 143, in dispatch
    return handler(request, *args, **kwargs)
           ^^^^^^^^^^^^^^^^^^^^^^^^^^^^^^^^^
  File "C:\Users\emine\OneDrive\Documents\tigray_repo\tigray_data_repo\App\views.py", line 572, in post
    FetchedArticle.content = request.POST["content"]
                             ~~~~~~~~~~~~^^^^^^^^^^^
  File "C:\Users\emine\OneDrive\Documents\tigray_repo\env\Lib\site-packages\django\utils\datastructures.py", line 86, in __getitem__
    raise MultiValueDictKeyError(key)
django.utils.datastructures.MultiValueDictKeyError: 'content'
2025-03-24 20:14:18,421 - INFO - C:\Users\emine\OneDrive\Documents\tigray_repo\tigray_data_repo\App\views.py changed, reloading.
2025-03-24 20:14:33,257 - INFO - C:\Users\emine\OneDrive\Documents\tigray_repo\tigray_data_repo\App\views.py changed, reloading.
2025-03-24 20:14:50,715 - INFO - C:\Users\emine\OneDrive\Documents\tigray_repo\tigray_data_repo\App\views.py changed, reloading.
2025-03-24 20:16:30,707 - INFO - C:\Users\emine\OneDrive\Documents\tigray_repo\tigray_data_repo\App\views.py changed, reloading.
2025-03-24 20:16:51,061 - INFO - C:\Users\emine\OneDrive\Documents\tigray_repo\tigray_data_repo\App\views.py changed, reloading.
2025-03-24 20:17:07,362 - INFO - C:\Users\emine\OneDrive\Documents\tigray_repo\tigray_data_repo\App\views.py changed, reloading.
2025-03-24 20:17:40,943 - INFO - C:\Users\emine\OneDrive\Documents\tigray_repo\tigray_data_repo\App\views.py changed, reloading.
2025-03-24 20:18:15,774 - INFO - C:\Users\emine\OneDrive\Documents\tigray_repo\tigray_data_repo\App\views.py changed, reloading.
2025-03-24 20:18:31,474 - INFO - C:\Users\emine\OneDrive\Documents\tigray_repo\tigray_data_repo\tigray_data_repo\urls.py changed, reloading.
2025-03-24 20:18:57,650 - INFO - C:\Users\emine\OneDrive\Documents\tigray_repo\tigray_data_repo\tigray_data_repo\urls.py changed, reloading.
2025-03-24 21:10:03,772 - INFO - C:\Users\emine\OneDrive\Documents\tigray_repo\tigray_data_repo\App\models.py changed, reloading.
